<!DOCTYPE html PUBLIC "-//W3C//DTD XHTML 1.0 Transitional//EN" "http://www.w3.org/TR/xhtml1/DTD/xhtml1-transitional.dtd">
<!-- Generated by Apache Maven Doxia Site Renderer 1.4 at 2016-04-18 -->
<html xmlns="http://www.w3.org/1999/xhtml" xml:lang="en" lang="en">
  <head>
    <meta http-equiv="Content-Type" content="text/html; charset=UTF-8" />
    <title>EndToEnd - Surefire Report</title>
    <style type="text/css" media="all">
      @import url("./css/maven-base.css");
      @import url("./css/maven-theme.css");
      @import url("./css/site.css");
    </style>
    <link rel="stylesheet" href="./css/print.css" type="text/css" media="print" />
    <meta name="Date-Revision-yyyymmdd" content="20160418" />
    <meta http-equiv="Content-Language" content="en" />
        
        </head>
  <body class="composite">
    <div id="banner">
                    <div id="bannerLeft">
                EndToEnd
                </div>
                    <div class="clear">
        <hr/>
      </div>
    </div>
    <div id="breadcrumbs">
            
                    
                <div class="xleft">
        <span id="publishDate">Last Published: 2016-04-18</span>
                  &nbsp;| <span id="projectVersion">Version: 1.11</span>
                      </div>
            <div class="xright">                    <a href="./" title="EndToEnd">EndToEnd</a>
              
                    
      </div>
      <div class="clear">
        <hr/>
      </div>
    </div>
    <div id="leftColumn">
      <div id="navcolumn">
             
                    
                                          <h5>Project Documentation</h5>
                  <ul>
                                                                                                                                                                                <li class="collapsed">
                          <a href="project-info.html" title="Project Information">Project Information</a>
                  </li>
                                                                              <li class="expanded">
                          <a href="project-reports.html" title="Project Reports">Project Reports</a>
                    <ul>
                      <li class="none">
            <strong>Surefire Report</strong>
          </li>
              </ul>
        </li>
          </ul>
                             <a href="http://maven.apache.org/" title="Built by Maven" class="poweredBy">
        <img class="poweredBy" alt="Built by Maven" src="./images/logos/maven-feather.png" />
      </a>
                   
                    
            </div>
    </div>
    <div id="bodyColumn">
      <div id="contentBox">
        <script type="text/javascript">
//<![CDATA[
function toggleDisplay(elementId) {
 var elm = document.getElementById(elementId + 'error');
 if (elm && typeof elm.style != "undefined") {
 if (elm.style.display == "none") {
 elm.style.display = "";
 document.getElementById(elementId + 'off').style.display = "none";
 document.getElementById(elementId + 'on').style.display = "inline";
 } else if (elm.style.display == "") { elm.style.display = "none";
 document.getElementById(elementId + 'off').style.display = "inline";
 document.getElementById(elementId + 'on').style.display = "none";
 } 
 } 
 }
//]]>
</script>
<div class="section">
<h2>Surefire Report<a name="Surefire_Report"></a></h2></div>
<div class="section">
<h2>Summary<a name="Summary"></a></h2><a name="Summary"></a>
<p>[<a href="#Summary">Summary</a>] [<a href="#Package_List">Package List</a>] [<a href="#Test_Cases">Test Cases</a>]</p><br />
<table border="1" class="bodyTable">
<tr class="a">
<th>Tests</th>
<th>Errors </th>
<th>Failures</th>
<th>Skipped</th>
<th>Success Rate</th>
<th>Time</th></tr>
<tr class="b">
<td>25</td>
<td>0</td>
<td>16</td>
<td>0</td>
<td>36%</td>
<td>0.013</td></tr></table><br />
<p>Note: failures are anticipated and checked for with assertions while errors are unanticipated.</p><br /></div>
<div class="section">
<h2>Package List<a name="Package_List"></a></h2><a name="Package_List"></a>
<p>[<a href="#Summary">Summary</a>] [<a href="#Package_List">Package List</a>] [<a href="#Test_Cases">Test Cases</a>]</p><br />
<table border="1" class="bodyTable">
<tr class="a">
<th>Package</th>
<th>Tests</th>
<th>Errors </th>
<th>Failures</th>
<th>Skipped</th>
<th>Success Rate</th>
<th>Time</th></tr>
<tr class="b">
<td><a href="#companyname">companyname</a></td>
<td>25</td>
<td>0</td>
<td>16</td>
<td>0</td>
<td>36%</td>
<td>0.013</td></tr></table><br />
<p>Note: package statistics are not computed recursively, they only sum up all of its testsuites numbers.</p>
<div class="section">
<h3>companyname<a name="companyname"></a></h3><a name="companyname"></a>
<table border="1" class="bodyTable">
<tr class="a">
<th></th>
<th>Class</th>
<th>Tests</th>
<th>Errors </th>
<th>Failures</th>
<th>Skipped</th>
<th>Success Rate</th>
<th>Time</th></tr>
<tr class="b">
<td><a href="#companynameSeleniumTest"><img src="images/icon_warning_sml.gif" alt="" /></a></td>
<td><a href="#companynameSeleniumTest">SeleniumTest</a></td>
<td>25</td>
<td>0</td>
<td>16</td>
<td>0</td>
<td>36%</td>
<td>0.013</td></tr></table></div><br /></div>
<div class="section">
<h2>Test Cases<a name="Test_Cases"></a></h2><a name="Test_Cases"></a>
<p>[<a href="#Summary">Summary</a>] [<a href="#Package_List">Package List</a>] [<a href="#Test_Cases">Test Cases</a>]</p>
<div class="section">
<h3>SeleniumTest<a name="SeleniumTest"></a></h3><a name="companynameSeleniumTest"></a>
<table border="1" class="bodyTable">
<tr class="a">
<td><img src="images/icon_success_sml.gif" alt="" /></td>
<td><a name="TC_companyname.SeleniumTest.test_Title_ValidationIteration__0_:_act:_learn2test.net__exp:_learn2test.net"></a>test_Title_Validation[Iteration # 0 : act: learn2test.net;  exp: learn2test.net]</td>
<td>0.002</td></tr>
<tr class="b">
<td><a href="#companyname.SeleniumTest.test_Title_ValidationIteration__1_:_act:_learn2test.net__exp:_lllll"><img src="images/icon_error_sml.gif" alt="" /></a></td>
<td><a name="TC_companyname.SeleniumTest.test_Title_ValidationIteration__1_:_act:_learn2test.net__exp:_lllll"></a><a href="#companyname.SeleniumTest.test_Title_ValidationIteration__1_:_act:_learn2test.net__exp:_lllll">test_Title_Validation[Iteration # 1 : act: learn2test.net;  exp: lllll]</a>
<div class="detailToggle" style="display:inline"><a href="javascript:toggleDisplay(&apos;companyname.SeleniumTest.test_Title_ValidationIteration__1_:_act:_learn2test.net__exp:_lllll&apos;);"><span style="display:inline;" id="companyname.SeleniumTest.test_Title_ValidationIteration__1_:_act:_learn2test.net__exp:_llllloff"> + </span><span style="display:none;" id="companyname.SeleniumTest.test_Title_ValidationIteration__1_:_act:_learn2test.net__exp:_lllllon"> - </span>[ Detail ]</a></div></td>
<td>0.003</td></tr>
<tr class="a">
<td></td>
<td>FAILED expected:&lt;l[llll]&gt; but was:&lt;l[earn2test.net]&gt;</td>
<td></td></tr>
<tr class="b">
<td></td>
<td>
<div id="companyname.SeleniumTest.test_Title_ValidationIteration__1_:_act:_learn2test.net__exp:_lllllerror" style="display:none;">
<div>
<pre>org.junit.ComparisonFailure: FAILED expected:&lt;l[llll]&gt; but was:&lt;l[earn2test.net]&gt;
	at org.junit.Assert.assertEquals(Assert.java:115)
	at companyname.SeleniumTest.test_Title_Validation(SeleniumTest.java:45)
	at sun.reflect.NativeMethodAccessorImpl.invoke0(Native Method)
	at sun.reflect.NativeMethodAccessorImpl.invoke(NativeMethodAccessorImpl.java:62)
	at sun.reflect.DelegatingMethodAccessorImpl.invoke(DelegatingMethodAccessorImpl.java:43)
	at java.lang.reflect.Method.invoke(Method.java:483)
	at org.junit.runners.model.FrameworkMethod$1.runReflectiveCall(FrameworkMethod.java:50)
	at org.junit.internal.runners.model.ReflectiveCallable.run(ReflectiveCallable.java:12)
	at org.junit.runners.model.FrameworkMethod.invokeExplosively(FrameworkMethod.java:47)
	at org.junit.internal.runners.statements.InvokeMethod.evaluate(InvokeMethod.java:17)
	at org.junit.runners.ParentRunner.runLeaf(ParentRunner.java:325)
	at org.junit.runners.BlockJUnit4ClassRunner.runChild(BlockJUnit4ClassRunner.java:78)
	at org.junit.runners.BlockJUnit4ClassRunner.runChild(BlockJUnit4ClassRunner.java:57)
	at org.junit.runners.ParentRunner$3.run(ParentRunner.java:290)
	at org.junit.runners.ParentRunner$1.schedule(ParentRunner.java:71)
	at org.junit.runners.ParentRunner.runChildren(ParentRunner.java:288)
	at org.junit.runners.ParentRunner.access$000(ParentRunner.java:58)
	at org.junit.runners.ParentRunner$2.evaluate(ParentRunner.java:268)
	at org.junit.runners.ParentRunner.run(ParentRunner.java:363)
	at org.junit.runners.Suite.runChild(Suite.java:128)
	at org.junit.runners.Suite.runChild(Suite.java:27)
	at org.junit.runners.ParentRunner$3.run(ParentRunner.java:290)
	at org.junit.runners.ParentRunner$1.schedule(ParentRunner.java:71)
	at org.junit.runners.ParentRunner.runChildren(ParentRunner.java:288)
	at org.junit.runners.ParentRunner.access$000(ParentRunner.java:58)
	at org.junit.runners.ParentRunner$2.evaluate(ParentRunner.java:268)
	at org.junit.internal.runners.statements.RunBefores.evaluate(RunBefores.java:26)
	at org.junit.runners.ParentRunner.run(ParentRunner.java:363)
	at org.junit.runners.Suite.runChild(Suite.java:128)
	at org.junit.runners.Suite.runChild(Suite.java:27)
	at org.junit.runners.ParentRunner$3.run(ParentRunner.java:290)
	at org.junit.runners.ParentRunner$1.schedule(ParentRunner.java:71)
	at org.junit.runners.ParentRunner.runChildren(ParentRunner.java:288)
	at org.junit.runners.ParentRunner.access$000(ParentRunner.java:58)
	at org.junit.runners.ParentRunner$2.evaluate(ParentRunner.java:268)
	at org.junit.runners.ParentRunner.run(ParentRunner.java:363)
	at org.apache.maven.surefire.junit4.JUnit4Provider.execute(JUnit4Provider.java:252)
	at org.apache.maven.surefire.junit4.JUnit4Provider.executeTestSet(JUnit4Provider.java:141)
	at org.apache.maven.surefire.junit4.JUnit4Provider.invoke(JUnit4Provider.java:112)
	at sun.reflect.NativeMethodAccessorImpl.invoke0(Native Method)
	at sun.reflect.NativeMethodAccessorImpl.invoke(NativeMethodAccessorImpl.java:62)
	at sun.reflect.DelegatingMethodAccessorImpl.invoke(DelegatingMethodAccessorImpl.java:43)
	at java.lang.reflect.Method.invoke(Method.java:483)
	at org.apache.maven.surefire.util.ReflectionUtils.invokeMethodWithArray(ReflectionUtils.java:189)
	at org.apache.maven.surefire.booter.ProviderFactory$ProviderProxy.invoke(ProviderFactory.java:165)
	at org.apache.maven.surefire.booter.ProviderFactory.invokeProvider(ProviderFactory.java:85)
	at org.apache.maven.surefire.booter.ForkedBooter.runSuitesInProcess(ForkedBooter.java:115)
	at org.apache.maven.surefire.booter.ForkedBooter.main(ForkedBooter.java:75)</pre></div></div></td>
<td></td></tr>
<tr class="a">
<td><a href="#companyname.SeleniumTest.test_Title_ValidationIteration__2_:_act:_alegro.net__exp:_www.alegro.net"><img src="images/icon_error_sml.gif" alt="" /></a></td>
<td><a name="TC_companyname.SeleniumTest.test_Title_ValidationIteration__2_:_act:_alegro.net__exp:_www.alegro.net"></a><a href="#companyname.SeleniumTest.test_Title_ValidationIteration__2_:_act:_alegro.net__exp:_www.alegro.net">test_Title_Validation[Iteration # 2 : act: alegro.net;  exp: www.alegro.net]</a>
<div class="detailToggle" style="display:inline"><a href="javascript:toggleDisplay(&apos;companyname.SeleniumTest.test_Title_ValidationIteration__2_:_act:_alegro.net__exp:_www.alegro.net&apos;);"><span style="display:inline;" id="companyname.SeleniumTest.test_Title_ValidationIteration__2_:_act:_alegro.net__exp:_www.alegro.netoff"> + </span><span style="display:none;" id="companyname.SeleniumTest.test_Title_ValidationIteration__2_:_act:_alegro.net__exp:_www.alegro.neton"> - </span>[ Detail ]</a></div></td>
<td>0</td></tr>
<tr class="b">
<td></td>
<td>FAILED expected:&lt;[www.]alegro.net&gt; but was:&lt;[]alegro.net&gt;</td>
<td></td></tr>
<tr class="a">
<td></td>
<td>
<div id="companyname.SeleniumTest.test_Title_ValidationIteration__2_:_act:_alegro.net__exp:_www.alegro.neterror" style="display:none;">
<div>
<pre>org.junit.ComparisonFailure: FAILED expected:&lt;[www.]alegro.net&gt; but was:&lt;[]alegro.net&gt;
	at org.junit.Assert.assertEquals(Assert.java:115)
	at companyname.SeleniumTest.test_Title_Validation(SeleniumTest.java:45)
	at sun.reflect.NativeMethodAccessorImpl.invoke0(Native Method)
	at sun.reflect.NativeMethodAccessorImpl.invoke(NativeMethodAccessorImpl.java:62)
	at sun.reflect.DelegatingMethodAccessorImpl.invoke(DelegatingMethodAccessorImpl.java:43)
	at java.lang.reflect.Method.invoke(Method.java:483)
	at org.junit.runners.model.FrameworkMethod$1.runReflectiveCall(FrameworkMethod.java:50)
	at org.junit.internal.runners.model.ReflectiveCallable.run(ReflectiveCallable.java:12)
	at org.junit.runners.model.FrameworkMethod.invokeExplosively(FrameworkMethod.java:47)
	at org.junit.internal.runners.statements.InvokeMethod.evaluate(InvokeMethod.java:17)
	at org.junit.runners.ParentRunner.runLeaf(ParentRunner.java:325)
	at org.junit.runners.BlockJUnit4ClassRunner.runChild(BlockJUnit4ClassRunner.java:78)
	at org.junit.runners.BlockJUnit4ClassRunner.runChild(BlockJUnit4ClassRunner.java:57)
	at org.junit.runners.ParentRunner$3.run(ParentRunner.java:290)
	at org.junit.runners.ParentRunner$1.schedule(ParentRunner.java:71)
	at org.junit.runners.ParentRunner.runChildren(ParentRunner.java:288)
	at org.junit.runners.ParentRunner.access$000(ParentRunner.java:58)
	at org.junit.runners.ParentRunner$2.evaluate(ParentRunner.java:268)
	at org.junit.runners.ParentRunner.run(ParentRunner.java:363)
	at org.junit.runners.Suite.runChild(Suite.java:128)
	at org.junit.runners.Suite.runChild(Suite.java:27)
	at org.junit.runners.ParentRunner$3.run(ParentRunner.java:290)
	at org.junit.runners.ParentRunner$1.schedule(ParentRunner.java:71)
	at org.junit.runners.ParentRunner.runChildren(ParentRunner.java:288)
	at org.junit.runners.ParentRunner.access$000(ParentRunner.java:58)
	at org.junit.runners.ParentRunner$2.evaluate(ParentRunner.java:268)
	at org.junit.internal.runners.statements.RunBefores.evaluate(RunBefores.java:26)
	at org.junit.runners.ParentRunner.run(ParentRunner.java:363)
	at org.junit.runners.Suite.runChild(Suite.java:128)
	at org.junit.runners.Suite.runChild(Suite.java:27)
	at org.junit.runners.ParentRunner$3.run(ParentRunner.java:290)
	at org.junit.runners.ParentRunner$1.schedule(ParentRunner.java:71)
	at org.junit.runners.ParentRunner.runChildren(ParentRunner.java:288)
	at org.junit.runners.ParentRunner.access$000(ParentRunner.java:58)
	at org.junit.runners.ParentRunner$2.evaluate(ParentRunner.java:268)
	at org.junit.runners.ParentRunner.run(ParentRunner.java:363)
	at org.apache.maven.surefire.junit4.JUnit4Provider.execute(JUnit4Provider.java:252)
	at org.apache.maven.surefire.junit4.JUnit4Provider.executeTestSet(JUnit4Provider.java:141)
	at org.apache.maven.surefire.junit4.JUnit4Provider.invoke(JUnit4Provider.java:112)
	at sun.reflect.NativeMethodAccessorImpl.invoke0(Native Method)
	at sun.reflect.NativeMethodAccessorImpl.invoke(NativeMethodAccessorImpl.java:62)
	at sun.reflect.DelegatingMethodAccessorImpl.invoke(DelegatingMethodAccessorImpl.java:43)
	at java.lang.reflect.Method.invoke(Method.java:483)
	at org.apache.maven.surefire.util.ReflectionUtils.invokeMethodWithArray(ReflectionUtils.java:189)
	at org.apache.maven.surefire.booter.ProviderFactory$ProviderProxy.invoke(ProviderFactory.java:165)
	at org.apache.maven.surefire.booter.ProviderFactory.invokeProvider(ProviderFactory.java:85)
	at org.apache.maven.surefire.booter.ForkedBooter.runSuitesInProcess(ForkedBooter.java:115)
	at org.apache.maven.surefire.booter.ForkedBooter.main(ForkedBooter.java:75)</pre></div></div></td>
<td></td></tr>
<tr class="b">
<td><a href="#companyname.SeleniumTest.test_Title_ValidationIteration__3_:_act:_alegro.net-This_website_is_for_sale-alegro_Resources_and_Information.__exp:_www.aaaaaaa"><img src="images/icon_error_sml.gif" alt="" /></a></td>
<td><a name="TC_companyname.SeleniumTest.test_Title_ValidationIteration__3_:_act:_alegro.net-This_website_is_for_sale-alegro_Resources_and_Information.__exp:_www.aaaaaaa"></a><a href="#companyname.SeleniumTest.test_Title_ValidationIteration__3_:_act:_alegro.net-This_website_is_for_sale-alegro_Resources_and_Information.__exp:_www.aaaaaaa">test_Title_Validation[Iteration # 3 : act: alegro.net&#xa0;-&#xa0;This website is for sale!&#xa0;-&#xa0;alegro Resources and Information.;  exp: www.aaaaaaa]</a>
<div class="detailToggle" style="display:inline"><a href="javascript:toggleDisplay(&apos;companyname.SeleniumTest.test_Title_ValidationIteration__3_:_act:_alegro.net-This_website_is_for_sale-alegro_Resources_and_Information.__exp:_www.aaaaaaa&apos;);"><span style="display:inline;" id="companyname.SeleniumTest.test_Title_ValidationIteration__3_:_act:_alegro.net-This_website_is_for_sale-alegro_Resources_and_Information.__exp:_www.aaaaaaaoff"> + </span><span style="display:none;" id="companyname.SeleniumTest.test_Title_ValidationIteration__3_:_act:_alegro.net-This_website_is_for_sale-alegro_Resources_and_Information.__exp:_www.aaaaaaaon"> - </span>[ Detail ]</a></div></td>
<td>0.001</td></tr>
<tr class="a">
<td></td>
<td>FAILED expected:&lt;[www.aaaaaaa]&gt; but was:&lt;[alegro.net&#xa0;-&#xa0;This website is for sale!&#xa0;-&#xa0;alegro Resources and Information.]&gt;</td>
<td></td></tr>
<tr class="b">
<td></td>
<td>
<div id="companyname.SeleniumTest.test_Title_ValidationIteration__3_:_act:_alegro.net-This_website_is_for_sale-alegro_Resources_and_Information.__exp:_www.aaaaaaaerror" style="display:none;">
<div>
<pre>org.junit.ComparisonFailure: FAILED expected:&lt;[www.aaaaaaa]&gt; but was:&lt;[alegro.net&#xa0;-&#xa0;This website is for sale!&#xa0;-&#xa0;alegro Resources and Information.]&gt;
	at org.junit.Assert.assertEquals(Assert.java:115)
	at companyname.SeleniumTest.test_Title_Validation(SeleniumTest.java:45)
	at sun.reflect.NativeMethodAccessorImpl.invoke0(Native Method)
	at sun.reflect.NativeMethodAccessorImpl.invoke(NativeMethodAccessorImpl.java:62)
	at sun.reflect.DelegatingMethodAccessorImpl.invoke(DelegatingMethodAccessorImpl.java:43)
	at java.lang.reflect.Method.invoke(Method.java:483)
	at org.junit.runners.model.FrameworkMethod$1.runReflectiveCall(FrameworkMethod.java:50)
	at org.junit.internal.runners.model.ReflectiveCallable.run(ReflectiveCallable.java:12)
	at org.junit.runners.model.FrameworkMethod.invokeExplosively(FrameworkMethod.java:47)
	at org.junit.internal.runners.statements.InvokeMethod.evaluate(InvokeMethod.java:17)
	at org.junit.runners.ParentRunner.runLeaf(ParentRunner.java:325)
	at org.junit.runners.BlockJUnit4ClassRunner.runChild(BlockJUnit4ClassRunner.java:78)
	at org.junit.runners.BlockJUnit4ClassRunner.runChild(BlockJUnit4ClassRunner.java:57)
	at org.junit.runners.ParentRunner$3.run(ParentRunner.java:290)
	at org.junit.runners.ParentRunner$1.schedule(ParentRunner.java:71)
	at org.junit.runners.ParentRunner.runChildren(ParentRunner.java:288)
	at org.junit.runners.ParentRunner.access$000(ParentRunner.java:58)
	at org.junit.runners.ParentRunner$2.evaluate(ParentRunner.java:268)
	at org.junit.runners.ParentRunner.run(ParentRunner.java:363)
	at org.junit.runners.Suite.runChild(Suite.java:128)
	at org.junit.runners.Suite.runChild(Suite.java:27)
	at org.junit.runners.ParentRunner$3.run(ParentRunner.java:290)
	at org.junit.runners.ParentRunner$1.schedule(ParentRunner.java:71)
	at org.junit.runners.ParentRunner.runChildren(ParentRunner.java:288)
	at org.junit.runners.ParentRunner.access$000(ParentRunner.java:58)
	at org.junit.runners.ParentRunner$2.evaluate(ParentRunner.java:268)
	at org.junit.internal.runners.statements.RunBefores.evaluate(RunBefores.java:26)
	at org.junit.runners.ParentRunner.run(ParentRunner.java:363)
	at org.junit.runners.Suite.runChild(Suite.java:128)
	at org.junit.runners.Suite.runChild(Suite.java:27)
	at org.junit.runners.ParentRunner$3.run(ParentRunner.java:290)
	at org.junit.runners.ParentRunner$1.schedule(ParentRunner.java:71)
	at org.junit.runners.ParentRunner.runChildren(ParentRunner.java:288)
	at org.junit.runners.ParentRunner.access$000(ParentRunner.java:58)
	at org.junit.runners.ParentRunner$2.evaluate(ParentRunner.java:268)
	at org.junit.runners.ParentRunner.run(ParentRunner.java:363)
	at org.apache.maven.surefire.junit4.JUnit4Provider.execute(JUnit4Provider.java:252)
	at org.apache.maven.surefire.junit4.JUnit4Provider.executeTestSet(JUnit4Provider.java:141)
	at org.apache.maven.surefire.junit4.JUnit4Provider.invoke(JUnit4Provider.java:112)
	at sun.reflect.NativeMethodAccessorImpl.invoke0(Native Method)
	at sun.reflect.NativeMethodAccessorImpl.invoke(NativeMethodAccessorImpl.java:62)
	at sun.reflect.DelegatingMethodAccessorImpl.invoke(DelegatingMethodAccessorImpl.java:43)
	at java.lang.reflect.Method.invoke(Method.java:483)
	at org.apache.maven.surefire.util.ReflectionUtils.invokeMethodWithArray(ReflectionUtils.java:189)
	at org.apache.maven.surefire.booter.ProviderFactory$ProviderProxy.invoke(ProviderFactory.java:165)
	at org.apache.maven.surefire.booter.ProviderFactory.invokeProvider(ProviderFactory.java:85)
	at org.apache.maven.surefire.booter.ForkedBooter.runSuitesInProcess(ForkedBooter.java:115)
	at org.apache.maven.surefire.booter.ForkedBooter.main(ForkedBooter.java:75)</pre></div></div></td>
<td></td></tr>
<tr class="a">
<td><img src="images/icon_success_sml.gif" alt="" /></td>
<td><a name="TC_companyname.SeleniumTest.test_Title_ValidationIteration__4_:_act:_YouTube__exp:_YouTube"></a>test_Title_Validation[Iteration # 4 : act: YouTube;  exp: YouTube]</td>
<td>0</td></tr>
<tr class="b">
<td><img src="images/icon_success_sml.gif" alt="" /></td>
<td><a name="TC_companyname.SeleniumTest.test_Title_ValidationIteration__5_:_act:_Facebook_-_Log_In_or_Sign_Up__exp:_Facebook_-_Log_In_or_Sign_Up"></a>test_Title_Validation[Iteration # 5 : act: Facebook - Log In or Sign Up;  exp: Facebook - Log In or Sign Up]</td>
<td>0</td></tr>
<tr class="a">
<td><a href="#companyname.SeleniumTest.test_Title_ValidationIteration__6_:_act:_Facebook_-_Log_In_or_Sign_Up__exp:__ffff"><img src="images/icon_error_sml.gif" alt="" /></a></td>
<td><a name="TC_companyname.SeleniumTest.test_Title_ValidationIteration__6_:_act:_Facebook_-_Log_In_or_Sign_Up__exp:__ffff"></a><a href="#companyname.SeleniumTest.test_Title_ValidationIteration__6_:_act:_Facebook_-_Log_In_or_Sign_Up__exp:__ffff">test_Title_Validation[Iteration # 6 : act: Facebook - Log In or Sign Up;  exp:  ffff]</a>
<div class="detailToggle" style="display:inline"><a href="javascript:toggleDisplay(&apos;companyname.SeleniumTest.test_Title_ValidationIteration__6_:_act:_Facebook_-_Log_In_or_Sign_Up__exp:__ffff&apos;);"><span style="display:inline;" id="companyname.SeleniumTest.test_Title_ValidationIteration__6_:_act:_Facebook_-_Log_In_or_Sign_Up__exp:__ffffoff"> + </span><span style="display:none;" id="companyname.SeleniumTest.test_Title_ValidationIteration__6_:_act:_Facebook_-_Log_In_or_Sign_Up__exp:__ffffon"> - </span>[ Detail ]</a></div></td>
<td>0.001</td></tr>
<tr class="b">
<td></td>
<td>FAILED expected:&lt;[ ffff]&gt; but was:&lt;[Facebook - Log In or Sign Up]&gt;</td>
<td></td></tr>
<tr class="a">
<td></td>
<td>
<div id="companyname.SeleniumTest.test_Title_ValidationIteration__6_:_act:_Facebook_-_Log_In_or_Sign_Up__exp:__fffferror" style="display:none;">
<div>
<pre>org.junit.ComparisonFailure: FAILED expected:&lt;[ ffff]&gt; but was:&lt;[Facebook - Log In or Sign Up]&gt;
	at org.junit.Assert.assertEquals(Assert.java:115)
	at companyname.SeleniumTest.test_Title_Validation(SeleniumTest.java:45)
	at sun.reflect.NativeMethodAccessorImpl.invoke0(Native Method)
	at sun.reflect.NativeMethodAccessorImpl.invoke(NativeMethodAccessorImpl.java:62)
	at sun.reflect.DelegatingMethodAccessorImpl.invoke(DelegatingMethodAccessorImpl.java:43)
	at java.lang.reflect.Method.invoke(Method.java:483)
	at org.junit.runners.model.FrameworkMethod$1.runReflectiveCall(FrameworkMethod.java:50)
	at org.junit.internal.runners.model.ReflectiveCallable.run(ReflectiveCallable.java:12)
	at org.junit.runners.model.FrameworkMethod.invokeExplosively(FrameworkMethod.java:47)
	at org.junit.internal.runners.statements.InvokeMethod.evaluate(InvokeMethod.java:17)
	at org.junit.runners.ParentRunner.runLeaf(ParentRunner.java:325)
	at org.junit.runners.BlockJUnit4ClassRunner.runChild(BlockJUnit4ClassRunner.java:78)
	at org.junit.runners.BlockJUnit4ClassRunner.runChild(BlockJUnit4ClassRunner.java:57)
	at org.junit.runners.ParentRunner$3.run(ParentRunner.java:290)
	at org.junit.runners.ParentRunner$1.schedule(ParentRunner.java:71)
	at org.junit.runners.ParentRunner.runChildren(ParentRunner.java:288)
	at org.junit.runners.ParentRunner.access$000(ParentRunner.java:58)
	at org.junit.runners.ParentRunner$2.evaluate(ParentRunner.java:268)
	at org.junit.runners.ParentRunner.run(ParentRunner.java:363)
	at org.junit.runners.Suite.runChild(Suite.java:128)
	at org.junit.runners.Suite.runChild(Suite.java:27)
	at org.junit.runners.ParentRunner$3.run(ParentRunner.java:290)
	at org.junit.runners.ParentRunner$1.schedule(ParentRunner.java:71)
	at org.junit.runners.ParentRunner.runChildren(ParentRunner.java:288)
	at org.junit.runners.ParentRunner.access$000(ParentRunner.java:58)
	at org.junit.runners.ParentRunner$2.evaluate(ParentRunner.java:268)
	at org.junit.internal.runners.statements.RunBefores.evaluate(RunBefores.java:26)
	at org.junit.runners.ParentRunner.run(ParentRunner.java:363)
	at org.junit.runners.Suite.runChild(Suite.java:128)
	at org.junit.runners.Suite.runChild(Suite.java:27)
	at org.junit.runners.ParentRunner$3.run(ParentRunner.java:290)
	at org.junit.runners.ParentRunner$1.schedule(ParentRunner.java:71)
	at org.junit.runners.ParentRunner.runChildren(ParentRunner.java:288)
	at org.junit.runners.ParentRunner.access$000(ParentRunner.java:58)
	at org.junit.runners.ParentRunner$2.evaluate(ParentRunner.java:268)
	at org.junit.runners.ParentRunner.run(ParentRunner.java:363)
	at org.apache.maven.surefire.junit4.JUnit4Provider.execute(JUnit4Provider.java:252)
	at org.apache.maven.surefire.junit4.JUnit4Provider.executeTestSet(JUnit4Provider.java:141)
	at org.apache.maven.surefire.junit4.JUnit4Provider.invoke(JUnit4Provider.java:112)
	at sun.reflect.NativeMethodAccessorImpl.invoke0(Native Method)
	at sun.reflect.NativeMethodAccessorImpl.invoke(NativeMethodAccessorImpl.java:62)
	at sun.reflect.DelegatingMethodAccessorImpl.invoke(DelegatingMethodAccessorImpl.java:43)
	at java.lang.reflect.Method.invoke(Method.java:483)
	at org.apache.maven.surefire.util.ReflectionUtils.invokeMethodWithArray(ReflectionUtils.java:189)
	at org.apache.maven.surefire.booter.ProviderFactory$ProviderProxy.invoke(ProviderFactory.java:165)
	at org.apache.maven.surefire.booter.ProviderFactory.invokeProvider(ProviderFactory.java:85)
	at org.apache.maven.surefire.booter.ForkedBooter.runSuitesInProcess(ForkedBooter.java:115)
	at org.apache.maven.surefire.booter.ForkedBooter.main(ForkedBooter.java:75)</pre></div></div></td>
<td></td></tr>
<tr class="b">
<td><a href="#companyname.SeleniumTest.test_Title_ValidationIteration__7_:_act:_Yahoo__exp:__www.yahoo.com"><img src="images/icon_error_sml.gif" alt="" /></a></td>
<td><a name="TC_companyname.SeleniumTest.test_Title_ValidationIteration__7_:_act:_Yahoo__exp:__www.yahoo.com"></a><a href="#companyname.SeleniumTest.test_Title_ValidationIteration__7_:_act:_Yahoo__exp:__www.yahoo.com">test_Title_Validation[Iteration # 7 : act: Yahoo;  exp:  www.yahoo.com]</a>
<div class="detailToggle" style="display:inline"><a href="javascript:toggleDisplay(&apos;companyname.SeleniumTest.test_Title_ValidationIteration__7_:_act:_Yahoo__exp:__www.yahoo.com&apos;);"><span style="display:inline;" id="companyname.SeleniumTest.test_Title_ValidationIteration__7_:_act:_Yahoo__exp:__www.yahoo.comoff"> + </span><span style="display:none;" id="companyname.SeleniumTest.test_Title_ValidationIteration__7_:_act:_Yahoo__exp:__www.yahoo.comon"> - </span>[ Detail ]</a></div></td>
<td>0</td></tr>
<tr class="a">
<td></td>
<td>FAILED expected:&lt;[ www.yahoo.com]&gt; but was:&lt;[Yahoo]&gt;</td>
<td></td></tr>
<tr class="b">
<td></td>
<td>
<div id="companyname.SeleniumTest.test_Title_ValidationIteration__7_:_act:_Yahoo__exp:__www.yahoo.comerror" style="display:none;">
<div>
<pre>org.junit.ComparisonFailure: FAILED expected:&lt;[ www.yahoo.com]&gt; but was:&lt;[Yahoo]&gt;
	at org.junit.Assert.assertEquals(Assert.java:115)
	at companyname.SeleniumTest.test_Title_Validation(SeleniumTest.java:45)
	at sun.reflect.NativeMethodAccessorImpl.invoke0(Native Method)
	at sun.reflect.NativeMethodAccessorImpl.invoke(NativeMethodAccessorImpl.java:62)
	at sun.reflect.DelegatingMethodAccessorImpl.invoke(DelegatingMethodAccessorImpl.java:43)
	at java.lang.reflect.Method.invoke(Method.java:483)
	at org.junit.runners.model.FrameworkMethod$1.runReflectiveCall(FrameworkMethod.java:50)
	at org.junit.internal.runners.model.ReflectiveCallable.run(ReflectiveCallable.java:12)
	at org.junit.runners.model.FrameworkMethod.invokeExplosively(FrameworkMethod.java:47)
	at org.junit.internal.runners.statements.InvokeMethod.evaluate(InvokeMethod.java:17)
	at org.junit.runners.ParentRunner.runLeaf(ParentRunner.java:325)
	at org.junit.runners.BlockJUnit4ClassRunner.runChild(BlockJUnit4ClassRunner.java:78)
	at org.junit.runners.BlockJUnit4ClassRunner.runChild(BlockJUnit4ClassRunner.java:57)
	at org.junit.runners.ParentRunner$3.run(ParentRunner.java:290)
	at org.junit.runners.ParentRunner$1.schedule(ParentRunner.java:71)
	at org.junit.runners.ParentRunner.runChildren(ParentRunner.java:288)
	at org.junit.runners.ParentRunner.access$000(ParentRunner.java:58)
	at org.junit.runners.ParentRunner$2.evaluate(ParentRunner.java:268)
	at org.junit.runners.ParentRunner.run(ParentRunner.java:363)
	at org.junit.runners.Suite.runChild(Suite.java:128)
	at org.junit.runners.Suite.runChild(Suite.java:27)
	at org.junit.runners.ParentRunner$3.run(ParentRunner.java:290)
	at org.junit.runners.ParentRunner$1.schedule(ParentRunner.java:71)
	at org.junit.runners.ParentRunner.runChildren(ParentRunner.java:288)
	at org.junit.runners.ParentRunner.access$000(ParentRunner.java:58)
	at org.junit.runners.ParentRunner$2.evaluate(ParentRunner.java:268)
	at org.junit.internal.runners.statements.RunBefores.evaluate(RunBefores.java:26)
	at org.junit.runners.ParentRunner.run(ParentRunner.java:363)
	at org.junit.runners.Suite.runChild(Suite.java:128)
	at org.junit.runners.Suite.runChild(Suite.java:27)
	at org.junit.runners.ParentRunner$3.run(ParentRunner.java:290)
	at org.junit.runners.ParentRunner$1.schedule(ParentRunner.java:71)
	at org.junit.runners.ParentRunner.runChildren(ParentRunner.java:288)
	at org.junit.runners.ParentRunner.access$000(ParentRunner.java:58)
	at org.junit.runners.ParentRunner$2.evaluate(ParentRunner.java:268)
	at org.junit.runners.ParentRunner.run(ParentRunner.java:363)
	at org.apache.maven.surefire.junit4.JUnit4Provider.execute(JUnit4Provider.java:252)
	at org.apache.maven.surefire.junit4.JUnit4Provider.executeTestSet(JUnit4Provider.java:141)
	at org.apache.maven.surefire.junit4.JUnit4Provider.invoke(JUnit4Provider.java:112)
	at sun.reflect.NativeMethodAccessorImpl.invoke0(Native Method)
	at sun.reflect.NativeMethodAccessorImpl.invoke(NativeMethodAccessorImpl.java:62)
	at sun.reflect.DelegatingMethodAccessorImpl.invoke(DelegatingMethodAccessorImpl.java:43)
	at java.lang.reflect.Method.invoke(Method.java:483)
	at org.apache.maven.surefire.util.ReflectionUtils.invokeMethodWithArray(ReflectionUtils.java:189)
	at org.apache.maven.surefire.booter.ProviderFactory$ProviderProxy.invoke(ProviderFactory.java:165)
	at org.apache.maven.surefire.booter.ProviderFactory.invokeProvider(ProviderFactory.java:85)
	at org.apache.maven.surefire.booter.ForkedBooter.runSuitesInProcess(ForkedBooter.java:115)
	at org.apache.maven.surefire.booter.ForkedBooter.main(ForkedBooter.java:75)</pre></div></div></td>
<td></td></tr>
<tr class="a">
<td><a href="#companyname.SeleniumTest.test_Title_ValidationIteration__8_:_act:_Yahoo__exp:_learn2test.net"><img src="images/icon_error_sml.gif" alt="" /></a></td>
<td><a name="TC_companyname.SeleniumTest.test_Title_ValidationIteration__8_:_act:_Yahoo__exp:_learn2test.net"></a><a href="#companyname.SeleniumTest.test_Title_ValidationIteration__8_:_act:_Yahoo__exp:_learn2test.net">test_Title_Validation[Iteration # 8 : act: Yahoo;  exp: learn2test.net]</a>
<div class="detailToggle" style="display:inline"><a href="javascript:toggleDisplay(&apos;companyname.SeleniumTest.test_Title_ValidationIteration__8_:_act:_Yahoo__exp:_learn2test.net&apos;);"><span style="display:inline;" id="companyname.SeleniumTest.test_Title_ValidationIteration__8_:_act:_Yahoo__exp:_learn2test.netoff"> + </span><span style="display:none;" id="companyname.SeleniumTest.test_Title_ValidationIteration__8_:_act:_Yahoo__exp:_learn2test.neton"> - </span>[ Detail ]</a></div></td>
<td>0.001</td></tr>
<tr class="b">
<td></td>
<td>FAILED expected:&lt;[learn2test.net]&gt; but was:&lt;[Yahoo]&gt;</td>
<td></td></tr>
<tr class="a">
<td></td>
<td>
<div id="companyname.SeleniumTest.test_Title_ValidationIteration__8_:_act:_Yahoo__exp:_learn2test.neterror" style="display:none;">
<div>
<pre>org.junit.ComparisonFailure: FAILED expected:&lt;[learn2test.net]&gt; but was:&lt;[Yahoo]&gt;
	at org.junit.Assert.assertEquals(Assert.java:115)
	at companyname.SeleniumTest.test_Title_Validation(SeleniumTest.java:45)
	at sun.reflect.NativeMethodAccessorImpl.invoke0(Native Method)
	at sun.reflect.NativeMethodAccessorImpl.invoke(NativeMethodAccessorImpl.java:62)
	at sun.reflect.DelegatingMethodAccessorImpl.invoke(DelegatingMethodAccessorImpl.java:43)
	at java.lang.reflect.Method.invoke(Method.java:483)
	at org.junit.runners.model.FrameworkMethod$1.runReflectiveCall(FrameworkMethod.java:50)
	at org.junit.internal.runners.model.ReflectiveCallable.run(ReflectiveCallable.java:12)
	at org.junit.runners.model.FrameworkMethod.invokeExplosively(FrameworkMethod.java:47)
	at org.junit.internal.runners.statements.InvokeMethod.evaluate(InvokeMethod.java:17)
	at org.junit.runners.ParentRunner.runLeaf(ParentRunner.java:325)
	at org.junit.runners.BlockJUnit4ClassRunner.runChild(BlockJUnit4ClassRunner.java:78)
	at org.junit.runners.BlockJUnit4ClassRunner.runChild(BlockJUnit4ClassRunner.java:57)
	at org.junit.runners.ParentRunner$3.run(ParentRunner.java:290)
	at org.junit.runners.ParentRunner$1.schedule(ParentRunner.java:71)
	at org.junit.runners.ParentRunner.runChildren(ParentRunner.java:288)
	at org.junit.runners.ParentRunner.access$000(ParentRunner.java:58)
	at org.junit.runners.ParentRunner$2.evaluate(ParentRunner.java:268)
	at org.junit.runners.ParentRunner.run(ParentRunner.java:363)
	at org.junit.runners.Suite.runChild(Suite.java:128)
	at org.junit.runners.Suite.runChild(Suite.java:27)
	at org.junit.runners.ParentRunner$3.run(ParentRunner.java:290)
	at org.junit.runners.ParentRunner$1.schedule(ParentRunner.java:71)
	at org.junit.runners.ParentRunner.runChildren(ParentRunner.java:288)
	at org.junit.runners.ParentRunner.access$000(ParentRunner.java:58)
	at org.junit.runners.ParentRunner$2.evaluate(ParentRunner.java:268)
	at org.junit.internal.runners.statements.RunBefores.evaluate(RunBefores.java:26)
	at org.junit.runners.ParentRunner.run(ParentRunner.java:363)
	at org.junit.runners.Suite.runChild(Suite.java:128)
	at org.junit.runners.Suite.runChild(Suite.java:27)
	at org.junit.runners.ParentRunner$3.run(ParentRunner.java:290)
	at org.junit.runners.ParentRunner$1.schedule(ParentRunner.java:71)
	at org.junit.runners.ParentRunner.runChildren(ParentRunner.java:288)
	at org.junit.runners.ParentRunner.access$000(ParentRunner.java:58)
	at org.junit.runners.ParentRunner$2.evaluate(ParentRunner.java:268)
	at org.junit.runners.ParentRunner.run(ParentRunner.java:363)
	at org.apache.maven.surefire.junit4.JUnit4Provider.execute(JUnit4Provider.java:252)
	at org.apache.maven.surefire.junit4.JUnit4Provider.executeTestSet(JUnit4Provider.java:141)
	at org.apache.maven.surefire.junit4.JUnit4Provider.invoke(JUnit4Provider.java:112)
	at sun.reflect.NativeMethodAccessorImpl.invoke0(Native Method)
	at sun.reflect.NativeMethodAccessorImpl.invoke(NativeMethodAccessorImpl.java:62)
	at sun.reflect.DelegatingMethodAccessorImpl.invoke(DelegatingMethodAccessorImpl.java:43)
	at java.lang.reflect.Method.invoke(Method.java:483)
	at org.apache.maven.surefire.util.ReflectionUtils.invokeMethodWithArray(ReflectionUtils.java:189)
	at org.apache.maven.surefire.booter.ProviderFactory$ProviderProxy.invoke(ProviderFactory.java:165)
	at org.apache.maven.surefire.booter.ProviderFactory.invokeProvider(ProviderFactory.java:85)
	at org.apache.maven.surefire.booter.ForkedBooter.runSuitesInProcess(ForkedBooter.java:115)
	at org.apache.maven.surefire.booter.ForkedBooter.main(ForkedBooter.java:75)</pre></div></div></td>
<td></td></tr>
<tr class="b">
<td><a href="#companyname.SeleniumTest.test_Title_ValidationIteration__9_:_act:___exp:_www.baidu.com"><img src="images/icon_error_sml.gif" alt="" /></a></td>
<td><a name="TC_companyname.SeleniumTest.test_Title_ValidationIteration__9_:_act:___exp:_www.baidu.com"></a><a href="#companyname.SeleniumTest.test_Title_ValidationIteration__9_:_act:___exp:_www.baidu.com">test_Title_Validation[Iteration # 9 : act: &#x767e;&#x5ea6;&#x4e00;&#x4e0b;&#xff0c;&#x4f60;&#x5c31;&#x77e5;&#x9053;;  exp: www.baidu.com]</a>
<div class="detailToggle" style="display:inline"><a href="javascript:toggleDisplay(&apos;companyname.SeleniumTest.test_Title_ValidationIteration__9_:_act:___exp:_www.baidu.com&apos;);"><span style="display:inline;" id="companyname.SeleniumTest.test_Title_ValidationIteration__9_:_act:___exp:_www.baidu.comoff"> + </span><span style="display:none;" id="companyname.SeleniumTest.test_Title_ValidationIteration__9_:_act:___exp:_www.baidu.comon"> - </span>[ Detail ]</a></div></td>
<td>0.001</td></tr>
<tr class="a">
<td></td>
<td>FAILED expected:&lt;[www.baidu.com]&gt; but was:&lt;[&#x767e;&#x5ea6;&#x4e00;&#x4e0b;&#xff0c;&#x4f60;&#x5c31;&#x77e5;&#x9053;]&gt;</td>
<td></td></tr>
<tr class="b">
<td></td>
<td>
<div id="companyname.SeleniumTest.test_Title_ValidationIteration__9_:_act:___exp:_www.baidu.comerror" style="display:none;">
<div>
<pre>org.junit.ComparisonFailure: FAILED expected:&lt;[www.baidu.com]&gt; but was:&lt;[&#x767e;&#x5ea6;&#x4e00;&#x4e0b;&#xff0c;&#x4f60;&#x5c31;&#x77e5;&#x9053;]&gt;
	at org.junit.Assert.assertEquals(Assert.java:115)
	at companyname.SeleniumTest.test_Title_Validation(SeleniumTest.java:45)
	at sun.reflect.NativeMethodAccessorImpl.invoke0(Native Method)
	at sun.reflect.NativeMethodAccessorImpl.invoke(NativeMethodAccessorImpl.java:62)
	at sun.reflect.DelegatingMethodAccessorImpl.invoke(DelegatingMethodAccessorImpl.java:43)
	at java.lang.reflect.Method.invoke(Method.java:483)
	at org.junit.runners.model.FrameworkMethod$1.runReflectiveCall(FrameworkMethod.java:50)
	at org.junit.internal.runners.model.ReflectiveCallable.run(ReflectiveCallable.java:12)
	at org.junit.runners.model.FrameworkMethod.invokeExplosively(FrameworkMethod.java:47)
	at org.junit.internal.runners.statements.InvokeMethod.evaluate(InvokeMethod.java:17)
	at org.junit.runners.ParentRunner.runLeaf(ParentRunner.java:325)
	at org.junit.runners.BlockJUnit4ClassRunner.runChild(BlockJUnit4ClassRunner.java:78)
	at org.junit.runners.BlockJUnit4ClassRunner.runChild(BlockJUnit4ClassRunner.java:57)
	at org.junit.runners.ParentRunner$3.run(ParentRunner.java:290)
	at org.junit.runners.ParentRunner$1.schedule(ParentRunner.java:71)
	at org.junit.runners.ParentRunner.runChildren(ParentRunner.java:288)
	at org.junit.runners.ParentRunner.access$000(ParentRunner.java:58)
	at org.junit.runners.ParentRunner$2.evaluate(ParentRunner.java:268)
	at org.junit.runners.ParentRunner.run(ParentRunner.java:363)
	at org.junit.runners.Suite.runChild(Suite.java:128)
	at org.junit.runners.Suite.runChild(Suite.java:27)
	at org.junit.runners.ParentRunner$3.run(ParentRunner.java:290)
	at org.junit.runners.ParentRunner$1.schedule(ParentRunner.java:71)
	at org.junit.runners.ParentRunner.runChildren(ParentRunner.java:288)
	at org.junit.runners.ParentRunner.access$000(ParentRunner.java:58)
	at org.junit.runners.ParentRunner$2.evaluate(ParentRunner.java:268)
	at org.junit.internal.runners.statements.RunBefores.evaluate(RunBefores.java:26)
	at org.junit.runners.ParentRunner.run(ParentRunner.java:363)
	at org.junit.runners.Suite.runChild(Suite.java:128)
	at org.junit.runners.Suite.runChild(Suite.java:27)
	at org.junit.runners.ParentRunner$3.run(ParentRunner.java:290)
	at org.junit.runners.ParentRunner$1.schedule(ParentRunner.java:71)
	at org.junit.runners.ParentRunner.runChildren(ParentRunner.java:288)
	at org.junit.runners.ParentRunner.access$000(ParentRunner.java:58)
	at org.junit.runners.ParentRunner$2.evaluate(ParentRunner.java:268)
	at org.junit.runners.ParentRunner.run(ParentRunner.java:363)
	at org.apache.maven.surefire.junit4.JUnit4Provider.execute(JUnit4Provider.java:252)
	at org.apache.maven.surefire.junit4.JUnit4Provider.executeTestSet(JUnit4Provider.java:141)
	at org.apache.maven.surefire.junit4.JUnit4Provider.invoke(JUnit4Provider.java:112)
	at sun.reflect.NativeMethodAccessorImpl.invoke0(Native Method)
	at sun.reflect.NativeMethodAccessorImpl.invoke(NativeMethodAccessorImpl.java:62)
	at sun.reflect.DelegatingMethodAccessorImpl.invoke(DelegatingMethodAccessorImpl.java:43)
	at java.lang.reflect.Method.invoke(Method.java:483)
	at org.apache.maven.surefire.util.ReflectionUtils.invokeMethodWithArray(ReflectionUtils.java:189)
	at org.apache.maven.surefire.booter.ProviderFactory$ProviderProxy.invoke(ProviderFactory.java:165)
	at org.apache.maven.surefire.booter.ProviderFactory.invokeProvider(ProviderFactory.java:85)
	at org.apache.maven.surefire.booter.ForkedBooter.runSuitesInProcess(ForkedBooter.java:115)
	at org.apache.maven.surefire.booter.ForkedBooter.main(ForkedBooter.java:75)</pre></div></div></td>
<td></td></tr>
<tr class="a">
<td><a href="#companyname.SeleniumTest.test_Title_ValidationIteration__10_:_act:___exp:_dksafhjjk"><img src="images/icon_error_sml.gif" alt="" /></a></td>
<td><a name="TC_companyname.SeleniumTest.test_Title_ValidationIteration__10_:_act:___exp:_dksafhjjk"></a><a href="#companyname.SeleniumTest.test_Title_ValidationIteration__10_:_act:___exp:_dksafhjjk">test_Title_Validation[Iteration # 10 : act: &#x767e;&#x5ea6;&#x4e00;&#x4e0b;&#xff0c;&#x4f60;&#x5c31;&#x77e5;&#x9053;;  exp: dksafhjjk]</a>
<div class="detailToggle" style="display:inline"><a href="javascript:toggleDisplay(&apos;companyname.SeleniumTest.test_Title_ValidationIteration__10_:_act:___exp:_dksafhjjk&apos;);"><span style="display:inline;" id="companyname.SeleniumTest.test_Title_ValidationIteration__10_:_act:___exp:_dksafhjjkoff"> + </span><span style="display:none;" id="companyname.SeleniumTest.test_Title_ValidationIteration__10_:_act:___exp:_dksafhjjkon"> - </span>[ Detail ]</a></div></td>
<td>0.001</td></tr>
<tr class="b">
<td></td>
<td>FAILED expected:&lt;[dksafhjjk]&gt; but was:&lt;[&#x767e;&#x5ea6;&#x4e00;&#x4e0b;&#xff0c;&#x4f60;&#x5c31;&#x77e5;&#x9053;]&gt;</td>
<td></td></tr>
<tr class="a">
<td></td>
<td>
<div id="companyname.SeleniumTest.test_Title_ValidationIteration__10_:_act:___exp:_dksafhjjkerror" style="display:none;">
<div>
<pre>org.junit.ComparisonFailure: FAILED expected:&lt;[dksafhjjk]&gt; but was:&lt;[&#x767e;&#x5ea6;&#x4e00;&#x4e0b;&#xff0c;&#x4f60;&#x5c31;&#x77e5;&#x9053;]&gt;
	at org.junit.Assert.assertEquals(Assert.java:115)
	at companyname.SeleniumTest.test_Title_Validation(SeleniumTest.java:45)
	at sun.reflect.NativeMethodAccessorImpl.invoke0(Native Method)
	at sun.reflect.NativeMethodAccessorImpl.invoke(NativeMethodAccessorImpl.java:62)
	at sun.reflect.DelegatingMethodAccessorImpl.invoke(DelegatingMethodAccessorImpl.java:43)
	at java.lang.reflect.Method.invoke(Method.java:483)
	at org.junit.runners.model.FrameworkMethod$1.runReflectiveCall(FrameworkMethod.java:50)
	at org.junit.internal.runners.model.ReflectiveCallable.run(ReflectiveCallable.java:12)
	at org.junit.runners.model.FrameworkMethod.invokeExplosively(FrameworkMethod.java:47)
	at org.junit.internal.runners.statements.InvokeMethod.evaluate(InvokeMethod.java:17)
	at org.junit.runners.ParentRunner.runLeaf(ParentRunner.java:325)
	at org.junit.runners.BlockJUnit4ClassRunner.runChild(BlockJUnit4ClassRunner.java:78)
	at org.junit.runners.BlockJUnit4ClassRunner.runChild(BlockJUnit4ClassRunner.java:57)
	at org.junit.runners.ParentRunner$3.run(ParentRunner.java:290)
	at org.junit.runners.ParentRunner$1.schedule(ParentRunner.java:71)
	at org.junit.runners.ParentRunner.runChildren(ParentRunner.java:288)
	at org.junit.runners.ParentRunner.access$000(ParentRunner.java:58)
	at org.junit.runners.ParentRunner$2.evaluate(ParentRunner.java:268)
	at org.junit.runners.ParentRunner.run(ParentRunner.java:363)
	at org.junit.runners.Suite.runChild(Suite.java:128)
	at org.junit.runners.Suite.runChild(Suite.java:27)
	at org.junit.runners.ParentRunner$3.run(ParentRunner.java:290)
	at org.junit.runners.ParentRunner$1.schedule(ParentRunner.java:71)
	at org.junit.runners.ParentRunner.runChildren(ParentRunner.java:288)
	at org.junit.runners.ParentRunner.access$000(ParentRunner.java:58)
	at org.junit.runners.ParentRunner$2.evaluate(ParentRunner.java:268)
	at org.junit.internal.runners.statements.RunBefores.evaluate(RunBefores.java:26)
	at org.junit.runners.ParentRunner.run(ParentRunner.java:363)
	at org.junit.runners.Suite.runChild(Suite.java:128)
	at org.junit.runners.Suite.runChild(Suite.java:27)
	at org.junit.runners.ParentRunner$3.run(ParentRunner.java:290)
	at org.junit.runners.ParentRunner$1.schedule(ParentRunner.java:71)
	at org.junit.runners.ParentRunner.runChildren(ParentRunner.java:288)
	at org.junit.runners.ParentRunner.access$000(ParentRunner.java:58)
	at org.junit.runners.ParentRunner$2.evaluate(ParentRunner.java:268)
	at org.junit.runners.ParentRunner.run(ParentRunner.java:363)
	at org.apache.maven.surefire.junit4.JUnit4Provider.execute(JUnit4Provider.java:252)
	at org.apache.maven.surefire.junit4.JUnit4Provider.executeTestSet(JUnit4Provider.java:141)
	at org.apache.maven.surefire.junit4.JUnit4Provider.invoke(JUnit4Provider.java:112)
	at sun.reflect.NativeMethodAccessorImpl.invoke0(Native Method)
	at sun.reflect.NativeMethodAccessorImpl.invoke(NativeMethodAccessorImpl.java:62)
	at sun.reflect.DelegatingMethodAccessorImpl.invoke(DelegatingMethodAccessorImpl.java:43)
	at java.lang.reflect.Method.invoke(Method.java:483)
	at org.apache.maven.surefire.util.ReflectionUtils.invokeMethodWithArray(ReflectionUtils.java:189)
	at org.apache.maven.surefire.booter.ProviderFactory$ProviderProxy.invoke(ProviderFactory.java:165)
	at org.apache.maven.surefire.booter.ProviderFactory.invokeProvider(ProviderFactory.java:85)
	at org.apache.maven.surefire.booter.ForkedBooter.runSuitesInProcess(ForkedBooter.java:115)
	at org.apache.maven.surefire.booter.ForkedBooter.main(ForkedBooter.java:75)</pre></div></div></td>
<td></td></tr>
<tr class="b">
<td><img src="images/icon_success_sml.gif" alt="" /></td>
<td><a name="TC_companyname.SeleniumTest.test_Title_ValidationIteration__11_:_act:_www.alegro.com__exp:_www.alegro.com"></a>test_Title_Validation[Iteration # 11 : act: www.alegro.com;  exp: www.alegro.com]</td>
<td>0</td></tr>
<tr class="a">
<td><a href="#companyname.SeleniumTest.test_Title_ValidationIteration__12_:_act:_www.alegro.com__exp:_www.com"><img src="images/icon_error_sml.gif" alt="" /></a></td>
<td><a name="TC_companyname.SeleniumTest.test_Title_ValidationIteration__12_:_act:_www.alegro.com__exp:_www.com"></a><a href="#companyname.SeleniumTest.test_Title_ValidationIteration__12_:_act:_www.alegro.com__exp:_www.com">test_Title_Validation[Iteration # 12 : act: www.alegro.com;  exp: www.com]</a>
<div class="detailToggle" style="display:inline"><a href="javascript:toggleDisplay(&apos;companyname.SeleniumTest.test_Title_ValidationIteration__12_:_act:_www.alegro.com__exp:_www.com&apos;);"><span style="display:inline;" id="companyname.SeleniumTest.test_Title_ValidationIteration__12_:_act:_www.alegro.com__exp:_www.comoff"> + </span><span style="display:none;" id="companyname.SeleniumTest.test_Title_ValidationIteration__12_:_act:_www.alegro.com__exp:_www.comon"> - </span>[ Detail ]</a></div></td>
<td>0.001</td></tr>
<tr class="b">
<td></td>
<td>FAILED expected:&lt;www.[]com&gt; but was:&lt;www.[alegro.]com&gt;</td>
<td></td></tr>
<tr class="a">
<td></td>
<td>
<div id="companyname.SeleniumTest.test_Title_ValidationIteration__12_:_act:_www.alegro.com__exp:_www.comerror" style="display:none;">
<div>
<pre>org.junit.ComparisonFailure: FAILED expected:&lt;www.[]com&gt; but was:&lt;www.[alegro.]com&gt;
	at org.junit.Assert.assertEquals(Assert.java:115)
	at companyname.SeleniumTest.test_Title_Validation(SeleniumTest.java:45)
	at sun.reflect.NativeMethodAccessorImpl.invoke0(Native Method)
	at sun.reflect.NativeMethodAccessorImpl.invoke(NativeMethodAccessorImpl.java:62)
	at sun.reflect.DelegatingMethodAccessorImpl.invoke(DelegatingMethodAccessorImpl.java:43)
	at java.lang.reflect.Method.invoke(Method.java:483)
	at org.junit.runners.model.FrameworkMethod$1.runReflectiveCall(FrameworkMethod.java:50)
	at org.junit.internal.runners.model.ReflectiveCallable.run(ReflectiveCallable.java:12)
	at org.junit.runners.model.FrameworkMethod.invokeExplosively(FrameworkMethod.java:47)
	at org.junit.internal.runners.statements.InvokeMethod.evaluate(InvokeMethod.java:17)
	at org.junit.runners.ParentRunner.runLeaf(ParentRunner.java:325)
	at org.junit.runners.BlockJUnit4ClassRunner.runChild(BlockJUnit4ClassRunner.java:78)
	at org.junit.runners.BlockJUnit4ClassRunner.runChild(BlockJUnit4ClassRunner.java:57)
	at org.junit.runners.ParentRunner$3.run(ParentRunner.java:290)
	at org.junit.runners.ParentRunner$1.schedule(ParentRunner.java:71)
	at org.junit.runners.ParentRunner.runChildren(ParentRunner.java:288)
	at org.junit.runners.ParentRunner.access$000(ParentRunner.java:58)
	at org.junit.runners.ParentRunner$2.evaluate(ParentRunner.java:268)
	at org.junit.runners.ParentRunner.run(ParentRunner.java:363)
	at org.junit.runners.Suite.runChild(Suite.java:128)
	at org.junit.runners.Suite.runChild(Suite.java:27)
	at org.junit.runners.ParentRunner$3.run(ParentRunner.java:290)
	at org.junit.runners.ParentRunner$1.schedule(ParentRunner.java:71)
	at org.junit.runners.ParentRunner.runChildren(ParentRunner.java:288)
	at org.junit.runners.ParentRunner.access$000(ParentRunner.java:58)
	at org.junit.runners.ParentRunner$2.evaluate(ParentRunner.java:268)
	at org.junit.internal.runners.statements.RunBefores.evaluate(RunBefores.java:26)
	at org.junit.runners.ParentRunner.run(ParentRunner.java:363)
	at org.junit.runners.Suite.runChild(Suite.java:128)
	at org.junit.runners.Suite.runChild(Suite.java:27)
	at org.junit.runners.ParentRunner$3.run(ParentRunner.java:290)
	at org.junit.runners.ParentRunner$1.schedule(ParentRunner.java:71)
	at org.junit.runners.ParentRunner.runChildren(ParentRunner.java:288)
	at org.junit.runners.ParentRunner.access$000(ParentRunner.java:58)
	at org.junit.runners.ParentRunner$2.evaluate(ParentRunner.java:268)
	at org.junit.runners.ParentRunner.run(ParentRunner.java:363)
	at org.apache.maven.surefire.junit4.JUnit4Provider.execute(JUnit4Provider.java:252)
	at org.apache.maven.surefire.junit4.JUnit4Provider.executeTestSet(JUnit4Provider.java:141)
	at org.apache.maven.surefire.junit4.JUnit4Provider.invoke(JUnit4Provider.java:112)
	at sun.reflect.NativeMethodAccessorImpl.invoke0(Native Method)
	at sun.reflect.NativeMethodAccessorImpl.invoke(NativeMethodAccessorImpl.java:62)
	at sun.reflect.DelegatingMethodAccessorImpl.invoke(DelegatingMethodAccessorImpl.java:43)
	at java.lang.reflect.Method.invoke(Method.java:483)
	at org.apache.maven.surefire.util.ReflectionUtils.invokeMethodWithArray(ReflectionUtils.java:189)
	at org.apache.maven.surefire.booter.ProviderFactory$ProviderProxy.invoke(ProviderFactory.java:165)
	at org.apache.maven.surefire.booter.ProviderFactory.invokeProvider(ProviderFactory.java:85)
	at org.apache.maven.surefire.booter.ForkedBooter.runSuitesInProcess(ForkedBooter.java:115)
	at org.apache.maven.surefire.booter.ForkedBooter.main(ForkedBooter.java:75)</pre></div></div></td>
<td></td></tr>
<tr class="b">
<td><a href="#companyname.SeleniumTest.test_Title_ValidationIteration__13_:_act:_YouTube__exp:_www.you"><img src="images/icon_error_sml.gif" alt="" /></a></td>
<td><a name="TC_companyname.SeleniumTest.test_Title_ValidationIteration__13_:_act:_YouTube__exp:_www.you"></a><a href="#companyname.SeleniumTest.test_Title_ValidationIteration__13_:_act:_YouTube__exp:_www.you">test_Title_Validation[Iteration # 13 : act: YouTube;  exp: www.you]</a>
<div class="detailToggle" style="display:inline"><a href="javascript:toggleDisplay(&apos;companyname.SeleniumTest.test_Title_ValidationIteration__13_:_act:_YouTube__exp:_www.you&apos;);"><span style="display:inline;" id="companyname.SeleniumTest.test_Title_ValidationIteration__13_:_act:_YouTube__exp:_www.youoff"> + </span><span style="display:none;" id="companyname.SeleniumTest.test_Title_ValidationIteration__13_:_act:_YouTube__exp:_www.youon"> - </span>[ Detail ]</a></div></td>
<td>0</td></tr>
<tr class="a">
<td></td>
<td>FAILED expected:&lt;[www.you]&gt; but was:&lt;[YouTube]&gt;</td>
<td></td></tr>
<tr class="b">
<td></td>
<td>
<div id="companyname.SeleniumTest.test_Title_ValidationIteration__13_:_act:_YouTube__exp:_www.youerror" style="display:none;">
<div>
<pre>org.junit.ComparisonFailure: FAILED expected:&lt;[www.you]&gt; but was:&lt;[YouTube]&gt;
	at org.junit.Assert.assertEquals(Assert.java:115)
	at companyname.SeleniumTest.test_Title_Validation(SeleniumTest.java:45)
	at sun.reflect.NativeMethodAccessorImpl.invoke0(Native Method)
	at sun.reflect.NativeMethodAccessorImpl.invoke(NativeMethodAccessorImpl.java:62)
	at sun.reflect.DelegatingMethodAccessorImpl.invoke(DelegatingMethodAccessorImpl.java:43)
	at java.lang.reflect.Method.invoke(Method.java:483)
	at org.junit.runners.model.FrameworkMethod$1.runReflectiveCall(FrameworkMethod.java:50)
	at org.junit.internal.runners.model.ReflectiveCallable.run(ReflectiveCallable.java:12)
	at org.junit.runners.model.FrameworkMethod.invokeExplosively(FrameworkMethod.java:47)
	at org.junit.internal.runners.statements.InvokeMethod.evaluate(InvokeMethod.java:17)
	at org.junit.runners.ParentRunner.runLeaf(ParentRunner.java:325)
	at org.junit.runners.BlockJUnit4ClassRunner.runChild(BlockJUnit4ClassRunner.java:78)
	at org.junit.runners.BlockJUnit4ClassRunner.runChild(BlockJUnit4ClassRunner.java:57)
	at org.junit.runners.ParentRunner$3.run(ParentRunner.java:290)
	at org.junit.runners.ParentRunner$1.schedule(ParentRunner.java:71)
	at org.junit.runners.ParentRunner.runChildren(ParentRunner.java:288)
	at org.junit.runners.ParentRunner.access$000(ParentRunner.java:58)
	at org.junit.runners.ParentRunner$2.evaluate(ParentRunner.java:268)
	at org.junit.runners.ParentRunner.run(ParentRunner.java:363)
	at org.junit.runners.Suite.runChild(Suite.java:128)
	at org.junit.runners.Suite.runChild(Suite.java:27)
	at org.junit.runners.ParentRunner$3.run(ParentRunner.java:290)
	at org.junit.runners.ParentRunner$1.schedule(ParentRunner.java:71)
	at org.junit.runners.ParentRunner.runChildren(ParentRunner.java:288)
	at org.junit.runners.ParentRunner.access$000(ParentRunner.java:58)
	at org.junit.runners.ParentRunner$2.evaluate(ParentRunner.java:268)
	at org.junit.internal.runners.statements.RunBefores.evaluate(RunBefores.java:26)
	at org.junit.runners.ParentRunner.run(ParentRunner.java:363)
	at org.junit.runners.Suite.runChild(Suite.java:128)
	at org.junit.runners.Suite.runChild(Suite.java:27)
	at org.junit.runners.ParentRunner$3.run(ParentRunner.java:290)
	at org.junit.runners.ParentRunner$1.schedule(ParentRunner.java:71)
	at org.junit.runners.ParentRunner.runChildren(ParentRunner.java:288)
	at org.junit.runners.ParentRunner.access$000(ParentRunner.java:58)
	at org.junit.runners.ParentRunner$2.evaluate(ParentRunner.java:268)
	at org.junit.runners.ParentRunner.run(ParentRunner.java:363)
	at org.apache.maven.surefire.junit4.JUnit4Provider.execute(JUnit4Provider.java:252)
	at org.apache.maven.surefire.junit4.JUnit4Provider.executeTestSet(JUnit4Provider.java:141)
	at org.apache.maven.surefire.junit4.JUnit4Provider.invoke(JUnit4Provider.java:112)
	at sun.reflect.NativeMethodAccessorImpl.invoke0(Native Method)
	at sun.reflect.NativeMethodAccessorImpl.invoke(NativeMethodAccessorImpl.java:62)
	at sun.reflect.DelegatingMethodAccessorImpl.invoke(DelegatingMethodAccessorImpl.java:43)
	at java.lang.reflect.Method.invoke(Method.java:483)
	at org.apache.maven.surefire.util.ReflectionUtils.invokeMethodWithArray(ReflectionUtils.java:189)
	at org.apache.maven.surefire.booter.ProviderFactory$ProviderProxy.invoke(ProviderFactory.java:165)
	at org.apache.maven.surefire.booter.ProviderFactory.invokeProvider(ProviderFactory.java:85)
	at org.apache.maven.surefire.booter.ForkedBooter.runSuitesInProcess(ForkedBooter.java:115)
	at org.apache.maven.surefire.booter.ForkedBooter.main(ForkedBooter.java:75)</pre></div></div></td>
<td></td></tr>
<tr class="a">
<td><img src="images/icon_success_sml.gif" alt="" /></td>
<td><a name="TC_companyname.SeleniumTest.test_Title_ValidationIteration__14_:_act:_www.alegro.com__exp:_www.alegro.com"></a>test_Title_Validation[Iteration # 14 : act: www.alegro.com;  exp: www.alegro.com]</td>
<td>0</td></tr>
<tr class="b">
<td><a href="#companyname.SeleniumTest.test_Title_ValidationIteration__15_:_act:_alegro.net-This_website_is_for_sale-alegro_Resources_and_Information.__exp:_www.alegro.net"><img src="images/icon_error_sml.gif" alt="" /></a></td>
<td><a name="TC_companyname.SeleniumTest.test_Title_ValidationIteration__15_:_act:_alegro.net-This_website_is_for_sale-alegro_Resources_and_Information.__exp:_www.alegro.net"></a><a href="#companyname.SeleniumTest.test_Title_ValidationIteration__15_:_act:_alegro.net-This_website_is_for_sale-alegro_Resources_and_Information.__exp:_www.alegro.net">test_Title_Validation[Iteration # 15 : act: alegro.net&#xa0;-&#xa0;This website is for sale!&#xa0;-&#xa0;alegro Resources and Information.;  exp: www.alegro.net]</a>
<div class="detailToggle" style="display:inline"><a href="javascript:toggleDisplay(&apos;companyname.SeleniumTest.test_Title_ValidationIteration__15_:_act:_alegro.net-This_website_is_for_sale-alegro_Resources_and_Information.__exp:_www.alegro.net&apos;);"><span style="display:inline;" id="companyname.SeleniumTest.test_Title_ValidationIteration__15_:_act:_alegro.net-This_website_is_for_sale-alegro_Resources_and_Information.__exp:_www.alegro.netoff"> + </span><span style="display:none;" id="companyname.SeleniumTest.test_Title_ValidationIteration__15_:_act:_alegro.net-This_website_is_for_sale-alegro_Resources_and_Information.__exp:_www.alegro.neton"> - </span>[ Detail ]</a></div></td>
<td>0.001</td></tr>
<tr class="a">
<td></td>
<td>FAILED expected:&lt;[www.alegro.net]&gt; but was:&lt;[alegro.net&#xa0;-&#xa0;This website is for sale!&#xa0;-&#xa0;alegro Resources and Information.]&gt;</td>
<td></td></tr>
<tr class="b">
<td></td>
<td>
<div id="companyname.SeleniumTest.test_Title_ValidationIteration__15_:_act:_alegro.net-This_website_is_for_sale-alegro_Resources_and_Information.__exp:_www.alegro.neterror" style="display:none;">
<div>
<pre>org.junit.ComparisonFailure: FAILED expected:&lt;[www.alegro.net]&gt; but was:&lt;[alegro.net&#xa0;-&#xa0;This website is for sale!&#xa0;-&#xa0;alegro Resources and Information.]&gt;
	at org.junit.Assert.assertEquals(Assert.java:115)
	at companyname.SeleniumTest.test_Title_Validation(SeleniumTest.java:45)
	at sun.reflect.NativeMethodAccessorImpl.invoke0(Native Method)
	at sun.reflect.NativeMethodAccessorImpl.invoke(NativeMethodAccessorImpl.java:62)
	at sun.reflect.DelegatingMethodAccessorImpl.invoke(DelegatingMethodAccessorImpl.java:43)
	at java.lang.reflect.Method.invoke(Method.java:483)
	at org.junit.runners.model.FrameworkMethod$1.runReflectiveCall(FrameworkMethod.java:50)
	at org.junit.internal.runners.model.ReflectiveCallable.run(ReflectiveCallable.java:12)
	at org.junit.runners.model.FrameworkMethod.invokeExplosively(FrameworkMethod.java:47)
	at org.junit.internal.runners.statements.InvokeMethod.evaluate(InvokeMethod.java:17)
	at org.junit.runners.ParentRunner.runLeaf(ParentRunner.java:325)
	at org.junit.runners.BlockJUnit4ClassRunner.runChild(BlockJUnit4ClassRunner.java:78)
	at org.junit.runners.BlockJUnit4ClassRunner.runChild(BlockJUnit4ClassRunner.java:57)
	at org.junit.runners.ParentRunner$3.run(ParentRunner.java:290)
	at org.junit.runners.ParentRunner$1.schedule(ParentRunner.java:71)
	at org.junit.runners.ParentRunner.runChildren(ParentRunner.java:288)
	at org.junit.runners.ParentRunner.access$000(ParentRunner.java:58)
	at org.junit.runners.ParentRunner$2.evaluate(ParentRunner.java:268)
	at org.junit.runners.ParentRunner.run(ParentRunner.java:363)
	at org.junit.runners.Suite.runChild(Suite.java:128)
	at org.junit.runners.Suite.runChild(Suite.java:27)
	at org.junit.runners.ParentRunner$3.run(ParentRunner.java:290)
	at org.junit.runners.ParentRunner$1.schedule(ParentRunner.java:71)
	at org.junit.runners.ParentRunner.runChildren(ParentRunner.java:288)
	at org.junit.runners.ParentRunner.access$000(ParentRunner.java:58)
	at org.junit.runners.ParentRunner$2.evaluate(ParentRunner.java:268)
	at org.junit.internal.runners.statements.RunBefores.evaluate(RunBefores.java:26)
	at org.junit.runners.ParentRunner.run(ParentRunner.java:363)
	at org.junit.runners.Suite.runChild(Suite.java:128)
	at org.junit.runners.Suite.runChild(Suite.java:27)
	at org.junit.runners.ParentRunner$3.run(ParentRunner.java:290)
	at org.junit.runners.ParentRunner$1.schedule(ParentRunner.java:71)
	at org.junit.runners.ParentRunner.runChildren(ParentRunner.java:288)
	at org.junit.runners.ParentRunner.access$000(ParentRunner.java:58)
	at org.junit.runners.ParentRunner$2.evaluate(ParentRunner.java:268)
	at org.junit.runners.ParentRunner.run(ParentRunner.java:363)
	at org.apache.maven.surefire.junit4.JUnit4Provider.execute(JUnit4Provider.java:252)
	at org.apache.maven.surefire.junit4.JUnit4Provider.executeTestSet(JUnit4Provider.java:141)
	at org.apache.maven.surefire.junit4.JUnit4Provider.invoke(JUnit4Provider.java:112)
	at sun.reflect.NativeMethodAccessorImpl.invoke0(Native Method)
	at sun.reflect.NativeMethodAccessorImpl.invoke(NativeMethodAccessorImpl.java:62)
	at sun.reflect.DelegatingMethodAccessorImpl.invoke(DelegatingMethodAccessorImpl.java:43)
	at java.lang.reflect.Method.invoke(Method.java:483)
	at org.apache.maven.surefire.util.ReflectionUtils.invokeMethodWithArray(ReflectionUtils.java:189)
	at org.apache.maven.surefire.booter.ProviderFactory$ProviderProxy.invoke(ProviderFactory.java:165)
	at org.apache.maven.surefire.booter.ProviderFactory.invokeProvider(ProviderFactory.java:85)
	at org.apache.maven.surefire.booter.ForkedBooter.runSuitesInProcess(ForkedBooter.java:115)
	at org.apache.maven.surefire.booter.ForkedBooter.main(ForkedBooter.java:75)</pre></div></div></td>
<td></td></tr>
<tr class="a">
<td><img src="images/icon_success_sml.gif" alt="" /></td>
<td><a name="TC_companyname.SeleniumTest.test_Title_ValidationIteration__16_:_act:_learn2test.net__exp:_learn2test.net"></a>test_Title_Validation[Iteration # 16 : act: learn2test.net;  exp: learn2test.net]</td>
<td>0</td></tr>
<tr class="b">
<td><a href="#companyname.SeleniumTest.test_Title_ValidationIteration__17_:_act:_Sign_In__exp:_live.com"><img src="images/icon_error_sml.gif" alt="" /></a></td>
<td><a name="TC_companyname.SeleniumTest.test_Title_ValidationIteration__17_:_act:_Sign_In__exp:_live.com"></a><a href="#companyname.SeleniumTest.test_Title_ValidationIteration__17_:_act:_Sign_In__exp:_live.com">test_Title_Validation[Iteration # 17 : act: Sign In;  exp: live.com]</a>
<div class="detailToggle" style="display:inline"><a href="javascript:toggleDisplay(&apos;companyname.SeleniumTest.test_Title_ValidationIteration__17_:_act:_Sign_In__exp:_live.com&apos;);"><span style="display:inline;" id="companyname.SeleniumTest.test_Title_ValidationIteration__17_:_act:_Sign_In__exp:_live.comoff"> + </span><span style="display:none;" id="companyname.SeleniumTest.test_Title_ValidationIteration__17_:_act:_Sign_In__exp:_live.comon"> - </span>[ Detail ]</a></div></td>
<td>0</td></tr>
<tr class="a">
<td></td>
<td>FAILED expected:&lt;[live.com]&gt; but was:&lt;[Sign In]&gt;</td>
<td></td></tr>
<tr class="b">
<td></td>
<td>
<div id="companyname.SeleniumTest.test_Title_ValidationIteration__17_:_act:_Sign_In__exp:_live.comerror" style="display:none;">
<div>
<pre>org.junit.ComparisonFailure: FAILED expected:&lt;[live.com]&gt; but was:&lt;[Sign In]&gt;
	at org.junit.Assert.assertEquals(Assert.java:115)
	at companyname.SeleniumTest.test_Title_Validation(SeleniumTest.java:45)
	at sun.reflect.GeneratedMethodAccessor1.invoke(Unknown Source)
	at sun.reflect.DelegatingMethodAccessorImpl.invoke(DelegatingMethodAccessorImpl.java:43)
	at java.lang.reflect.Method.invoke(Method.java:483)
	at org.junit.runners.model.FrameworkMethod$1.runReflectiveCall(FrameworkMethod.java:50)
	at org.junit.internal.runners.model.ReflectiveCallable.run(ReflectiveCallable.java:12)
	at org.junit.runners.model.FrameworkMethod.invokeExplosively(FrameworkMethod.java:47)
	at org.junit.internal.runners.statements.InvokeMethod.evaluate(InvokeMethod.java:17)
	at org.junit.runners.ParentRunner.runLeaf(ParentRunner.java:325)
	at org.junit.runners.BlockJUnit4ClassRunner.runChild(BlockJUnit4ClassRunner.java:78)
	at org.junit.runners.BlockJUnit4ClassRunner.runChild(BlockJUnit4ClassRunner.java:57)
	at org.junit.runners.ParentRunner$3.run(ParentRunner.java:290)
	at org.junit.runners.ParentRunner$1.schedule(ParentRunner.java:71)
	at org.junit.runners.ParentRunner.runChildren(ParentRunner.java:288)
	at org.junit.runners.ParentRunner.access$000(ParentRunner.java:58)
	at org.junit.runners.ParentRunner$2.evaluate(ParentRunner.java:268)
	at org.junit.runners.ParentRunner.run(ParentRunner.java:363)
	at org.junit.runners.Suite.runChild(Suite.java:128)
	at org.junit.runners.Suite.runChild(Suite.java:27)
	at org.junit.runners.ParentRunner$3.run(ParentRunner.java:290)
	at org.junit.runners.ParentRunner$1.schedule(ParentRunner.java:71)
	at org.junit.runners.ParentRunner.runChildren(ParentRunner.java:288)
	at org.junit.runners.ParentRunner.access$000(ParentRunner.java:58)
	at org.junit.runners.ParentRunner$2.evaluate(ParentRunner.java:268)
	at org.junit.internal.runners.statements.RunBefores.evaluate(RunBefores.java:26)
	at org.junit.runners.ParentRunner.run(ParentRunner.java:363)
	at org.junit.runners.Suite.runChild(Suite.java:128)
	at org.junit.runners.Suite.runChild(Suite.java:27)
	at org.junit.runners.ParentRunner$3.run(ParentRunner.java:290)
	at org.junit.runners.ParentRunner$1.schedule(ParentRunner.java:71)
	at org.junit.runners.ParentRunner.runChildren(ParentRunner.java:288)
	at org.junit.runners.ParentRunner.access$000(ParentRunner.java:58)
	at org.junit.runners.ParentRunner$2.evaluate(ParentRunner.java:268)
	at org.junit.runners.ParentRunner.run(ParentRunner.java:363)
	at org.apache.maven.surefire.junit4.JUnit4Provider.execute(JUnit4Provider.java:252)
	at org.apache.maven.surefire.junit4.JUnit4Provider.executeTestSet(JUnit4Provider.java:141)
	at org.apache.maven.surefire.junit4.JUnit4Provider.invoke(JUnit4Provider.java:112)
	at sun.reflect.NativeMethodAccessorImpl.invoke0(Native Method)
	at sun.reflect.NativeMethodAccessorImpl.invoke(NativeMethodAccessorImpl.java:62)
	at sun.reflect.DelegatingMethodAccessorImpl.invoke(DelegatingMethodAccessorImpl.java:43)
	at java.lang.reflect.Method.invoke(Method.java:483)
	at org.apache.maven.surefire.util.ReflectionUtils.invokeMethodWithArray(ReflectionUtils.java:189)
	at org.apache.maven.surefire.booter.ProviderFactory$ProviderProxy.invoke(ProviderFactory.java:165)
	at org.apache.maven.surefire.booter.ProviderFactory.invokeProvider(ProviderFactory.java:85)
	at org.apache.maven.surefire.booter.ForkedBooter.runSuitesInProcess(ForkedBooter.java:115)
	at org.apache.maven.surefire.booter.ForkedBooter.main(ForkedBooter.java:75)</pre></div></div></td>
<td></td></tr>
<tr class="a">
<td><img src="images/icon_success_sml.gif" alt="" /></td>
<td><a name="TC_companyname.SeleniumTest.test_Title_ValidationIteration__18_:_act:_Sign_In__exp:_Sign_In"></a>test_Title_Validation[Iteration # 18 : act: Sign In;  exp: Sign In]</td>
<td>0</td></tr>
<tr class="b">
<td><a href="#companyname.SeleniumTest.test_Title_ValidationIteration__19_:_act:_Twitter__exp:_www.twitter.com"><img src="images/icon_error_sml.gif" alt="" /></a></td>
<td><a name="TC_companyname.SeleniumTest.test_Title_ValidationIteration__19_:_act:_Twitter__exp:_www.twitter.com"></a><a href="#companyname.SeleniumTest.test_Title_ValidationIteration__19_:_act:_Twitter__exp:_www.twitter.com">test_Title_Validation[Iteration # 19 : act: Twitter;  exp: www.twitter.com]</a>
<div class="detailToggle" style="display:inline"><a href="javascript:toggleDisplay(&apos;companyname.SeleniumTest.test_Title_ValidationIteration__19_:_act:_Twitter__exp:_www.twitter.com&apos;);"><span style="display:inline;" id="companyname.SeleniumTest.test_Title_ValidationIteration__19_:_act:_Twitter__exp:_www.twitter.comoff"> + </span><span style="display:none;" id="companyname.SeleniumTest.test_Title_ValidationIteration__19_:_act:_Twitter__exp:_www.twitter.comon"> - </span>[ Detail ]</a></div></td>
<td>0</td></tr>
<tr class="a">
<td></td>
<td>FAILED expected:&lt;[www.twitter.com]&gt; but was:&lt;[Twitter]&gt;</td>
<td></td></tr>
<tr class="b">
<td></td>
<td>
<div id="companyname.SeleniumTest.test_Title_ValidationIteration__19_:_act:_Twitter__exp:_www.twitter.comerror" style="display:none;">
<div>
<pre>org.junit.ComparisonFailure: FAILED expected:&lt;[www.twitter.com]&gt; but was:&lt;[Twitter]&gt;
	at org.junit.Assert.assertEquals(Assert.java:115)
	at companyname.SeleniumTest.test_Title_Validation(SeleniumTest.java:45)
	at sun.reflect.GeneratedMethodAccessor1.invoke(Unknown Source)
	at sun.reflect.DelegatingMethodAccessorImpl.invoke(DelegatingMethodAccessorImpl.java:43)
	at java.lang.reflect.Method.invoke(Method.java:483)
	at org.junit.runners.model.FrameworkMethod$1.runReflectiveCall(FrameworkMethod.java:50)
	at org.junit.internal.runners.model.ReflectiveCallable.run(ReflectiveCallable.java:12)
	at org.junit.runners.model.FrameworkMethod.invokeExplosively(FrameworkMethod.java:47)
	at org.junit.internal.runners.statements.InvokeMethod.evaluate(InvokeMethod.java:17)
	at org.junit.runners.ParentRunner.runLeaf(ParentRunner.java:325)
	at org.junit.runners.BlockJUnit4ClassRunner.runChild(BlockJUnit4ClassRunner.java:78)
	at org.junit.runners.BlockJUnit4ClassRunner.runChild(BlockJUnit4ClassRunner.java:57)
	at org.junit.runners.ParentRunner$3.run(ParentRunner.java:290)
	at org.junit.runners.ParentRunner$1.schedule(ParentRunner.java:71)
	at org.junit.runners.ParentRunner.runChildren(ParentRunner.java:288)
	at org.junit.runners.ParentRunner.access$000(ParentRunner.java:58)
	at org.junit.runners.ParentRunner$2.evaluate(ParentRunner.java:268)
	at org.junit.runners.ParentRunner.run(ParentRunner.java:363)
	at org.junit.runners.Suite.runChild(Suite.java:128)
	at org.junit.runners.Suite.runChild(Suite.java:27)
	at org.junit.runners.ParentRunner$3.run(ParentRunner.java:290)
	at org.junit.runners.ParentRunner$1.schedule(ParentRunner.java:71)
	at org.junit.runners.ParentRunner.runChildren(ParentRunner.java:288)
	at org.junit.runners.ParentRunner.access$000(ParentRunner.java:58)
	at org.junit.runners.ParentRunner$2.evaluate(ParentRunner.java:268)
	at org.junit.internal.runners.statements.RunBefores.evaluate(RunBefores.java:26)
	at org.junit.runners.ParentRunner.run(ParentRunner.java:363)
	at org.junit.runners.Suite.runChild(Suite.java:128)
	at org.junit.runners.Suite.runChild(Suite.java:27)
	at org.junit.runners.ParentRunner$3.run(ParentRunner.java:290)
	at org.junit.runners.ParentRunner$1.schedule(ParentRunner.java:71)
	at org.junit.runners.ParentRunner.runChildren(ParentRunner.java:288)
	at org.junit.runners.ParentRunner.access$000(ParentRunner.java:58)
	at org.junit.runners.ParentRunner$2.evaluate(ParentRunner.java:268)
	at org.junit.runners.ParentRunner.run(ParentRunner.java:363)
	at org.apache.maven.surefire.junit4.JUnit4Provider.execute(JUnit4Provider.java:252)
	at org.apache.maven.surefire.junit4.JUnit4Provider.executeTestSet(JUnit4Provider.java:141)
	at org.apache.maven.surefire.junit4.JUnit4Provider.invoke(JUnit4Provider.java:112)
	at sun.reflect.NativeMethodAccessorImpl.invoke0(Native Method)
	at sun.reflect.NativeMethodAccessorImpl.invoke(NativeMethodAccessorImpl.java:62)
	at sun.reflect.DelegatingMethodAccessorImpl.invoke(DelegatingMethodAccessorImpl.java:43)
	at java.lang.reflect.Method.invoke(Method.java:483)
	at org.apache.maven.surefire.util.ReflectionUtils.invokeMethodWithArray(ReflectionUtils.java:189)
	at org.apache.maven.surefire.booter.ProviderFactory$ProviderProxy.invoke(ProviderFactory.java:165)
	at org.apache.maven.surefire.booter.ProviderFactory.invokeProvider(ProviderFactory.java:85)
	at org.apache.maven.surefire.booter.ForkedBooter.runSuitesInProcess(ForkedBooter.java:115)
	at org.apache.maven.surefire.booter.ForkedBooter.main(ForkedBooter.java:75)</pre></div></div></td>
<td></td></tr>
<tr class="a">
<td><a href="#companyname.SeleniumTest.test_Title_ValidationIteration__20_:_act:_Twitter__exp:_twtwtwtwt"><img src="images/icon_error_sml.gif" alt="" /></a></td>
<td><a name="TC_companyname.SeleniumTest.test_Title_ValidationIteration__20_:_act:_Twitter__exp:_twtwtwtwt"></a><a href="#companyname.SeleniumTest.test_Title_ValidationIteration__20_:_act:_Twitter__exp:_twtwtwtwt">test_Title_Validation[Iteration # 20 : act: Twitter;  exp: twtwtwtwt]</a>
<div class="detailToggle" style="display:inline"><a href="javascript:toggleDisplay(&apos;companyname.SeleniumTest.test_Title_ValidationIteration__20_:_act:_Twitter__exp:_twtwtwtwt&apos;);"><span style="display:inline;" id="companyname.SeleniumTest.test_Title_ValidationIteration__20_:_act:_Twitter__exp:_twtwtwtwtoff"> + </span><span style="display:none;" id="companyname.SeleniumTest.test_Title_ValidationIteration__20_:_act:_Twitter__exp:_twtwtwtwton"> - </span>[ Detail ]</a></div></td>
<td>0.001</td></tr>
<tr class="b">
<td></td>
<td>FAILED expected:&lt;[twtwtwtwt]&gt; but was:&lt;[Twitter]&gt;</td>
<td></td></tr>
<tr class="a">
<td></td>
<td>
<div id="companyname.SeleniumTest.test_Title_ValidationIteration__20_:_act:_Twitter__exp:_twtwtwtwterror" style="display:none;">
<div>
<pre>org.junit.ComparisonFailure: FAILED expected:&lt;[twtwtwtwt]&gt; but was:&lt;[Twitter]&gt;
	at org.junit.Assert.assertEquals(Assert.java:115)
	at companyname.SeleniumTest.test_Title_Validation(SeleniumTest.java:45)
	at sun.reflect.GeneratedMethodAccessor1.invoke(Unknown Source)
	at sun.reflect.DelegatingMethodAccessorImpl.invoke(DelegatingMethodAccessorImpl.java:43)
	at java.lang.reflect.Method.invoke(Method.java:483)
	at org.junit.runners.model.FrameworkMethod$1.runReflectiveCall(FrameworkMethod.java:50)
	at org.junit.internal.runners.model.ReflectiveCallable.run(ReflectiveCallable.java:12)
	at org.junit.runners.model.FrameworkMethod.invokeExplosively(FrameworkMethod.java:47)
	at org.junit.internal.runners.statements.InvokeMethod.evaluate(InvokeMethod.java:17)
	at org.junit.runners.ParentRunner.runLeaf(ParentRunner.java:325)
	at org.junit.runners.BlockJUnit4ClassRunner.runChild(BlockJUnit4ClassRunner.java:78)
	at org.junit.runners.BlockJUnit4ClassRunner.runChild(BlockJUnit4ClassRunner.java:57)
	at org.junit.runners.ParentRunner$3.run(ParentRunner.java:290)
	at org.junit.runners.ParentRunner$1.schedule(ParentRunner.java:71)
	at org.junit.runners.ParentRunner.runChildren(ParentRunner.java:288)
	at org.junit.runners.ParentRunner.access$000(ParentRunner.java:58)
	at org.junit.runners.ParentRunner$2.evaluate(ParentRunner.java:268)
	at org.junit.runners.ParentRunner.run(ParentRunner.java:363)
	at org.junit.runners.Suite.runChild(Suite.java:128)
	at org.junit.runners.Suite.runChild(Suite.java:27)
	at org.junit.runners.ParentRunner$3.run(ParentRunner.java:290)
	at org.junit.runners.ParentRunner$1.schedule(ParentRunner.java:71)
	at org.junit.runners.ParentRunner.runChildren(ParentRunner.java:288)
	at org.junit.runners.ParentRunner.access$000(ParentRunner.java:58)
	at org.junit.runners.ParentRunner$2.evaluate(ParentRunner.java:268)
	at org.junit.internal.runners.statements.RunBefores.evaluate(RunBefores.java:26)
	at org.junit.runners.ParentRunner.run(ParentRunner.java:363)
	at org.junit.runners.Suite.runChild(Suite.java:128)
	at org.junit.runners.Suite.runChild(Suite.java:27)
	at org.junit.runners.ParentRunner$3.run(ParentRunner.java:290)
	at org.junit.runners.ParentRunner$1.schedule(ParentRunner.java:71)
	at org.junit.runners.ParentRunner.runChildren(ParentRunner.java:288)
	at org.junit.runners.ParentRunner.access$000(ParentRunner.java:58)
	at org.junit.runners.ParentRunner$2.evaluate(ParentRunner.java:268)
	at org.junit.runners.ParentRunner.run(ParentRunner.java:363)
	at org.apache.maven.surefire.junit4.JUnit4Provider.execute(JUnit4Provider.java:252)
	at org.apache.maven.surefire.junit4.JUnit4Provider.executeTestSet(JUnit4Provider.java:141)
	at org.apache.maven.surefire.junit4.JUnit4Provider.invoke(JUnit4Provider.java:112)
	at sun.reflect.NativeMethodAccessorImpl.invoke0(Native Method)
	at sun.reflect.NativeMethodAccessorImpl.invoke(NativeMethodAccessorImpl.java:62)
	at sun.reflect.DelegatingMethodAccessorImpl.invoke(DelegatingMethodAccessorImpl.java:43)
	at java.lang.reflect.Method.invoke(Method.java:483)
	at org.apache.maven.surefire.util.ReflectionUtils.invokeMethodWithArray(ReflectionUtils.java:189)
	at org.apache.maven.surefire.booter.ProviderFactory$ProviderProxy.invoke(ProviderFactory.java:165)
	at org.apache.maven.surefire.booter.ProviderFactory.invokeProvider(ProviderFactory.java:85)
	at org.apache.maven.surefire.booter.ForkedBooter.runSuitesInProcess(ForkedBooter.java:115)
	at org.apache.maven.surefire.booter.ForkedBooter.main(ForkedBooter.java:75)</pre></div></div></td>
<td></td></tr>
<tr class="b">
<td><a href="#companyname.SeleniumTest.test_Title_ValidationIteration__21_:_act:_uTest_-_The_Professional_Network_for_Testers__exp:_www.utest.com"><img src="images/icon_error_sml.gif" alt="" /></a></td>
<td><a name="TC_companyname.SeleniumTest.test_Title_ValidationIteration__21_:_act:_uTest_-_The_Professional_Network_for_Testers__exp:_www.utest.com"></a><a href="#companyname.SeleniumTest.test_Title_ValidationIteration__21_:_act:_uTest_-_The_Professional_Network_for_Testers__exp:_www.utest.com">test_Title_Validation[Iteration # 21 : act: uTest - The Professional Network for Testers;  exp: www.utest.com]</a>
<div class="detailToggle" style="display:inline"><a href="javascript:toggleDisplay(&apos;companyname.SeleniumTest.test_Title_ValidationIteration__21_:_act:_uTest_-_The_Professional_Network_for_Testers__exp:_www.utest.com&apos;);"><span style="display:inline;" id="companyname.SeleniumTest.test_Title_ValidationIteration__21_:_act:_uTest_-_The_Professional_Network_for_Testers__exp:_www.utest.comoff"> + </span><span style="display:none;" id="companyname.SeleniumTest.test_Title_ValidationIteration__21_:_act:_uTest_-_The_Professional_Network_for_Testers__exp:_www.utest.comon"> - </span>[ Detail ]</a></div></td>
<td>0</td></tr>
<tr class="a">
<td></td>
<td>FAILED expected:&lt;[www.utest.com]&gt; but was:&lt;[uTest - The Professional Network for Testers]&gt;</td>
<td></td></tr>
<tr class="b">
<td></td>
<td>
<div id="companyname.SeleniumTest.test_Title_ValidationIteration__21_:_act:_uTest_-_The_Professional_Network_for_Testers__exp:_www.utest.comerror" style="display:none;">
<div>
<pre>org.junit.ComparisonFailure: FAILED expected:&lt;[www.utest.com]&gt; but was:&lt;[uTest - The Professional Network for Testers]&gt;
	at org.junit.Assert.assertEquals(Assert.java:115)
	at companyname.SeleniumTest.test_Title_Validation(SeleniumTest.java:45)
	at sun.reflect.GeneratedMethodAccessor1.invoke(Unknown Source)
	at sun.reflect.DelegatingMethodAccessorImpl.invoke(DelegatingMethodAccessorImpl.java:43)
	at java.lang.reflect.Method.invoke(Method.java:483)
	at org.junit.runners.model.FrameworkMethod$1.runReflectiveCall(FrameworkMethod.java:50)
	at org.junit.internal.runners.model.ReflectiveCallable.run(ReflectiveCallable.java:12)
	at org.junit.runners.model.FrameworkMethod.invokeExplosively(FrameworkMethod.java:47)
	at org.junit.internal.runners.statements.InvokeMethod.evaluate(InvokeMethod.java:17)
	at org.junit.runners.ParentRunner.runLeaf(ParentRunner.java:325)
	at org.junit.runners.BlockJUnit4ClassRunner.runChild(BlockJUnit4ClassRunner.java:78)
	at org.junit.runners.BlockJUnit4ClassRunner.runChild(BlockJUnit4ClassRunner.java:57)
	at org.junit.runners.ParentRunner$3.run(ParentRunner.java:290)
	at org.junit.runners.ParentRunner$1.schedule(ParentRunner.java:71)
	at org.junit.runners.ParentRunner.runChildren(ParentRunner.java:288)
	at org.junit.runners.ParentRunner.access$000(ParentRunner.java:58)
	at org.junit.runners.ParentRunner$2.evaluate(ParentRunner.java:268)
	at org.junit.runners.ParentRunner.run(ParentRunner.java:363)
	at org.junit.runners.Suite.runChild(Suite.java:128)
	at org.junit.runners.Suite.runChild(Suite.java:27)
	at org.junit.runners.ParentRunner$3.run(ParentRunner.java:290)
	at org.junit.runners.ParentRunner$1.schedule(ParentRunner.java:71)
	at org.junit.runners.ParentRunner.runChildren(ParentRunner.java:288)
	at org.junit.runners.ParentRunner.access$000(ParentRunner.java:58)
	at org.junit.runners.ParentRunner$2.evaluate(ParentRunner.java:268)
	at org.junit.internal.runners.statements.RunBefores.evaluate(RunBefores.java:26)
	at org.junit.runners.ParentRunner.run(ParentRunner.java:363)
	at org.junit.runners.Suite.runChild(Suite.java:128)
	at org.junit.runners.Suite.runChild(Suite.java:27)
	at org.junit.runners.ParentRunner$3.run(ParentRunner.java:290)
	at org.junit.runners.ParentRunner$1.schedule(ParentRunner.java:71)
	at org.junit.runners.ParentRunner.runChildren(ParentRunner.java:288)
	at org.junit.runners.ParentRunner.access$000(ParentRunner.java:58)
	at org.junit.runners.ParentRunner$2.evaluate(ParentRunner.java:268)
	at org.junit.runners.ParentRunner.run(ParentRunner.java:363)
	at org.apache.maven.surefire.junit4.JUnit4Provider.execute(JUnit4Provider.java:252)
	at org.apache.maven.surefire.junit4.JUnit4Provider.executeTestSet(JUnit4Provider.java:141)
	at org.apache.maven.surefire.junit4.JUnit4Provider.invoke(JUnit4Provider.java:112)
	at sun.reflect.NativeMethodAccessorImpl.invoke0(Native Method)
	at sun.reflect.NativeMethodAccessorImpl.invoke(NativeMethodAccessorImpl.java:62)
	at sun.reflect.DelegatingMethodAccessorImpl.invoke(DelegatingMethodAccessorImpl.java:43)
	at java.lang.reflect.Method.invoke(Method.java:483)
	at org.apache.maven.surefire.util.ReflectionUtils.invokeMethodWithArray(ReflectionUtils.java:189)
	at org.apache.maven.surefire.booter.ProviderFactory$ProviderProxy.invoke(ProviderFactory.java:165)
	at org.apache.maven.surefire.booter.ProviderFactory.invokeProvider(ProviderFactory.java:85)
	at org.apache.maven.surefire.booter.ForkedBooter.runSuitesInProcess(ForkedBooter.java:115)
	at org.apache.maven.surefire.booter.ForkedBooter.main(ForkedBooter.java:75)</pre></div></div></td>
<td></td></tr>
<tr class="a">
<td><img src="images/icon_success_sml.gif" alt="" /></td>
<td><a name="TC_companyname.SeleniumTest.test_Title_ValidationIteration__22_:_act:_Yahoo__exp:_Yahoo"></a>test_Title_Validation[Iteration # 22 : act: Yahoo;  exp: Yahoo]</td>
<td>0</td></tr>
<tr class="b">
<td><img src="images/icon_success_sml.gif" alt="" /></td>
<td><a name="TC_companyname.SeleniumTest.test_Title_ValidationIteration__23_:_act:_Wikipedia__exp:_Wikipedia"></a>test_Title_Validation[Iteration # 23 : act: Wikipedia;  exp: Wikipedia]</td>
<td>0</td></tr>
<tr class="a">
<td><a href="#companyname.SeleniumTest.test_Title_ValidationIteration__24_:_act:_Wikipedia__exp:_wwww"><img src="images/icon_error_sml.gif" alt="" /></a></td>
<td><a name="TC_companyname.SeleniumTest.test_Title_ValidationIteration__24_:_act:_Wikipedia__exp:_wwww"></a><a href="#companyname.SeleniumTest.test_Title_ValidationIteration__24_:_act:_Wikipedia__exp:_wwww">test_Title_Validation[Iteration # 24 : act: Wikipedia;  exp: wwww]</a>
<div class="detailToggle" style="display:inline"><a href="javascript:toggleDisplay(&apos;companyname.SeleniumTest.test_Title_ValidationIteration__24_:_act:_Wikipedia__exp:_wwww&apos;);"><span style="display:inline;" id="companyname.SeleniumTest.test_Title_ValidationIteration__24_:_act:_Wikipedia__exp:_wwwwoff"> + </span><span style="display:none;" id="companyname.SeleniumTest.test_Title_ValidationIteration__24_:_act:_Wikipedia__exp:_wwwwon"> - </span>[ Detail ]</a></div></td>
<td>0</td></tr>
<tr class="b">
<td></td>
<td>FAILED expected:&lt;[wwww]&gt; but was:&lt;[Wikipedia]&gt;</td>
<td></td></tr>
<tr class="a">
<td></td>
<td>
<div id="companyname.SeleniumTest.test_Title_ValidationIteration__24_:_act:_Wikipedia__exp:_wwwwerror" style="display:none;">
<div>
<pre>org.junit.ComparisonFailure: FAILED expected:&lt;[wwww]&gt; but was:&lt;[Wikipedia]&gt;
	at org.junit.Assert.assertEquals(Assert.java:115)
	at companyname.SeleniumTest.test_Title_Validation(SeleniumTest.java:45)
	at sun.reflect.GeneratedMethodAccessor1.invoke(Unknown Source)
	at sun.reflect.DelegatingMethodAccessorImpl.invoke(DelegatingMethodAccessorImpl.java:43)
	at java.lang.reflect.Method.invoke(Method.java:483)
	at org.junit.runners.model.FrameworkMethod$1.runReflectiveCall(FrameworkMethod.java:50)
	at org.junit.internal.runners.model.ReflectiveCallable.run(ReflectiveCallable.java:12)
	at org.junit.runners.model.FrameworkMethod.invokeExplosively(FrameworkMethod.java:47)
	at org.junit.internal.runners.statements.InvokeMethod.evaluate(InvokeMethod.java:17)
	at org.junit.runners.ParentRunner.runLeaf(ParentRunner.java:325)
	at org.junit.runners.BlockJUnit4ClassRunner.runChild(BlockJUnit4ClassRunner.java:78)
	at org.junit.runners.BlockJUnit4ClassRunner.runChild(BlockJUnit4ClassRunner.java:57)
	at org.junit.runners.ParentRunner$3.run(ParentRunner.java:290)
	at org.junit.runners.ParentRunner$1.schedule(ParentRunner.java:71)
	at org.junit.runners.ParentRunner.runChildren(ParentRunner.java:288)
	at org.junit.runners.ParentRunner.access$000(ParentRunner.java:58)
	at org.junit.runners.ParentRunner$2.evaluate(ParentRunner.java:268)
	at org.junit.runners.ParentRunner.run(ParentRunner.java:363)
	at org.junit.runners.Suite.runChild(Suite.java:128)
	at org.junit.runners.Suite.runChild(Suite.java:27)
	at org.junit.runners.ParentRunner$3.run(ParentRunner.java:290)
	at org.junit.runners.ParentRunner$1.schedule(ParentRunner.java:71)
	at org.junit.runners.ParentRunner.runChildren(ParentRunner.java:288)
	at org.junit.runners.ParentRunner.access$000(ParentRunner.java:58)
	at org.junit.runners.ParentRunner$2.evaluate(ParentRunner.java:268)
	at org.junit.internal.runners.statements.RunBefores.evaluate(RunBefores.java:26)
	at org.junit.runners.ParentRunner.run(ParentRunner.java:363)
	at org.junit.runners.Suite.runChild(Suite.java:128)
	at org.junit.runners.Suite.runChild(Suite.java:27)
	at org.junit.runners.ParentRunner$3.run(ParentRunner.java:290)
	at org.junit.runners.ParentRunner$1.schedule(ParentRunner.java:71)
	at org.junit.runners.ParentRunner.runChildren(ParentRunner.java:288)
	at org.junit.runners.ParentRunner.access$000(ParentRunner.java:58)
	at org.junit.runners.ParentRunner$2.evaluate(ParentRunner.java:268)
	at org.junit.runners.ParentRunner.run(ParentRunner.java:363)
	at org.apache.maven.surefire.junit4.JUnit4Provider.execute(JUnit4Provider.java:252)
	at org.apache.maven.surefire.junit4.JUnit4Provider.executeTestSet(JUnit4Provider.java:141)
	at org.apache.maven.surefire.junit4.JUnit4Provider.invoke(JUnit4Provider.java:112)
	at sun.reflect.NativeMethodAccessorImpl.invoke0(Native Method)
	at sun.reflect.NativeMethodAccessorImpl.invoke(NativeMethodAccessorImpl.java:62)
	at sun.reflect.DelegatingMethodAccessorImpl.invoke(DelegatingMethodAccessorImpl.java:43)
	at java.lang.reflect.Method.invoke(Method.java:483)
	at org.apache.maven.surefire.util.ReflectionUtils.invokeMethodWithArray(ReflectionUtils.java:189)
	at org.apache.maven.surefire.booter.ProviderFactory$ProviderProxy.invoke(ProviderFactory.java:165)
	at org.apache.maven.surefire.booter.ProviderFactory.invokeProvider(ProviderFactory.java:85)
	at org.apache.maven.surefire.booter.ForkedBooter.runSuitesInProcess(ForkedBooter.java:115)
	at org.apache.maven.surefire.booter.ForkedBooter.main(ForkedBooter.java:75)</pre></div></div></td>
<td></td></tr></table></div><br /></div>
<div class="section">
<h2>Failure Details<a name="Failure_Details"></a></h2><a name="Failure_Details"></a>
<p>[<a href="#Summary">Summary</a>] [<a href="#Package_List">Package List</a>] [<a href="#Test_Cases">Test Cases</a>]</p><br />
<table border="1" class="bodyTable">
<tr class="a">
<td><img src="images/icon_error_sml.gif" alt="" /></td>
<td><a name="companyname.SeleniumTest.test_Title_ValidationIteration__1_:_act:_learn2test.net__exp:_lllll"></a>test_Title_Validation[Iteration # 1 : act: learn2test.net;  exp: lllll]</td></tr>
<tr class="b">
<td></td>
<td>org.junit.ComparisonFailure: FAILED expected:&lt;l[llll]&gt; but was:&lt;l[earn2test.net]&gt;</td></tr>
<tr class="a">
<td></td>
<td>
<div id="test_Title_Validation[Iteration # 1 : act: learn2test.net;  exp: lllll]error">companyname.SeleniumTest:45</div></td></tr>
<tr class="b">
<td><img src="images/icon_error_sml.gif" alt="" /></td>
<td><a name="companyname.SeleniumTest.test_Title_ValidationIteration__2_:_act:_alegro.net__exp:_www.alegro.net"></a>test_Title_Validation[Iteration # 2 : act: alegro.net;  exp: www.alegro.net]</td></tr>
<tr class="a">
<td></td>
<td>org.junit.ComparisonFailure: FAILED expected:&lt;[www.]alegro.net&gt; but was:&lt;[]alegro.net&gt;</td></tr>
<tr class="b">
<td></td>
<td>
<div id="test_Title_Validation[Iteration # 2 : act: alegro.net;  exp: www.alegro.net]error">companyname.SeleniumTest:45</div></td></tr>
<tr class="a">
<td><img src="images/icon_error_sml.gif" alt="" /></td>
<td><a name="companyname.SeleniumTest.test_Title_ValidationIteration__3_:_act:_alegro.net-This_website_is_for_sale-alegro_Resources_and_Information.__exp:_www.aaaaaaa"></a>test_Title_Validation[Iteration # 3 : act: alegro.net&#xa0;-&#xa0;This website is for sale!&#xa0;-&#xa0;alegro Resources and Information.;  exp: www.aaaaaaa]</td></tr>
<tr class="b">
<td></td>
<td>org.junit.ComparisonFailure: FAILED expected:&lt;[www.aaaaaaa]&gt; but was:&lt;[alegro.net&#xa0;-&#xa0;This website is for sale!&#xa0;-&#xa0;alegro Resources and Information.]&gt;</td></tr>
<tr class="a">
<td></td>
<td>
<div id="test_Title_Validation[Iteration # 3 : act: alegro.net&#xa0;-&#xa0;This website is for sale!&#xa0;-&#xa0;alegro Resources and Information.;  exp: www.aaaaaaa]error">companyname.SeleniumTest:45</div></td></tr>
<tr class="b">
<td><img src="images/icon_error_sml.gif" alt="" /></td>
<td><a name="companyname.SeleniumTest.test_Title_ValidationIteration__6_:_act:_Facebook_-_Log_In_or_Sign_Up__exp:__ffff"></a>test_Title_Validation[Iteration # 6 : act: Facebook - Log In or Sign Up;  exp:  ffff]</td></tr>
<tr class="a">
<td></td>
<td>org.junit.ComparisonFailure: FAILED expected:&lt;[ ffff]&gt; but was:&lt;[Facebook - Log In or Sign Up]&gt;</td></tr>
<tr class="b">
<td></td>
<td>
<div id="test_Title_Validation[Iteration # 6 : act: Facebook - Log In or Sign Up;  exp:  ffff]error">companyname.SeleniumTest:45</div></td></tr>
<tr class="a">
<td><img src="images/icon_error_sml.gif" alt="" /></td>
<td><a name="companyname.SeleniumTest.test_Title_ValidationIteration__7_:_act:_Yahoo__exp:__www.yahoo.com"></a>test_Title_Validation[Iteration # 7 : act: Yahoo;  exp:  www.yahoo.com]</td></tr>
<tr class="b">
<td></td>
<td>org.junit.ComparisonFailure: FAILED expected:&lt;[ www.yahoo.com]&gt; but was:&lt;[Yahoo]&gt;</td></tr>
<tr class="a">
<td></td>
<td>
<div id="test_Title_Validation[Iteration # 7 : act: Yahoo;  exp:  www.yahoo.com]error">companyname.SeleniumTest:45</div></td></tr>
<tr class="b">
<td><img src="images/icon_error_sml.gif" alt="" /></td>
<td><a name="companyname.SeleniumTest.test_Title_ValidationIteration__8_:_act:_Yahoo__exp:_learn2test.net"></a>test_Title_Validation[Iteration # 8 : act: Yahoo;  exp: learn2test.net]</td></tr>
<tr class="a">
<td></td>
<td>org.junit.ComparisonFailure: FAILED expected:&lt;[learn2test.net]&gt; but was:&lt;[Yahoo]&gt;</td></tr>
<tr class="b">
<td></td>
<td>
<div id="test_Title_Validation[Iteration # 8 : act: Yahoo;  exp: learn2test.net]error">companyname.SeleniumTest:45</div></td></tr>
<tr class="a">
<td><img src="images/icon_error_sml.gif" alt="" /></td>
<td><a name="companyname.SeleniumTest.test_Title_ValidationIteration__9_:_act:___exp:_www.baidu.com"></a>test_Title_Validation[Iteration # 9 : act: &#x767e;&#x5ea6;&#x4e00;&#x4e0b;&#xff0c;&#x4f60;&#x5c31;&#x77e5;&#x9053;;  exp: www.baidu.com]</td></tr>
<tr class="b">
<td></td>
<td>org.junit.ComparisonFailure: FAILED expected:&lt;[www.baidu.com]&gt; but was:&lt;[&#x767e;&#x5ea6;&#x4e00;&#x4e0b;&#xff0c;&#x4f60;&#x5c31;&#x77e5;&#x9053;]&gt;</td></tr>
<tr class="a">
<td></td>
<td>
<div id="test_Title_Validation[Iteration # 9 : act: &#x767e;&#x5ea6;&#x4e00;&#x4e0b;&#xff0c;&#x4f60;&#x5c31;&#x77e5;&#x9053;;  exp: www.baidu.com]error">companyname.SeleniumTest:45</div></td></tr>
<tr class="b">
<td><img src="images/icon_error_sml.gif" alt="" /></td>
<td><a name="companyname.SeleniumTest.test_Title_ValidationIteration__10_:_act:___exp:_dksafhjjk"></a>test_Title_Validation[Iteration # 10 : act: &#x767e;&#x5ea6;&#x4e00;&#x4e0b;&#xff0c;&#x4f60;&#x5c31;&#x77e5;&#x9053;;  exp: dksafhjjk]</td></tr>
<tr class="a">
<td></td>
<td>org.junit.ComparisonFailure: FAILED expected:&lt;[dksafhjjk]&gt; but was:&lt;[&#x767e;&#x5ea6;&#x4e00;&#x4e0b;&#xff0c;&#x4f60;&#x5c31;&#x77e5;&#x9053;]&gt;</td></tr>
<tr class="b">
<td></td>
<td>
<div id="test_Title_Validation[Iteration # 10 : act: &#x767e;&#x5ea6;&#x4e00;&#x4e0b;&#xff0c;&#x4f60;&#x5c31;&#x77e5;&#x9053;;  exp: dksafhjjk]error">companyname.SeleniumTest:45</div></td></tr>
<tr class="a">
<td><img src="images/icon_error_sml.gif" alt="" /></td>
<td><a name="companyname.SeleniumTest.test_Title_ValidationIteration__12_:_act:_www.alegro.com__exp:_www.com"></a>test_Title_Validation[Iteration # 12 : act: www.alegro.com;  exp: www.com]</td></tr>
<tr class="b">
<td></td>
<td>org.junit.ComparisonFailure: FAILED expected:&lt;www.[]com&gt; but was:&lt;www.[alegro.]com&gt;</td></tr>
<tr class="a">
<td></td>
<td>
<div id="test_Title_Validation[Iteration # 12 : act: www.alegro.com;  exp: www.com]error">companyname.SeleniumTest:45</div></td></tr>
<tr class="b">
<td><img src="images/icon_error_sml.gif" alt="" /></td>
<td><a name="companyname.SeleniumTest.test_Title_ValidationIteration__13_:_act:_YouTube__exp:_www.you"></a>test_Title_Validation[Iteration # 13 : act: YouTube;  exp: www.you]</td></tr>
<tr class="a">
<td></td>
<td>org.junit.ComparisonFailure: FAILED expected:&lt;[www.you]&gt; but was:&lt;[YouTube]&gt;</td></tr>
<tr class="b">
<td></td>
<td>
<div id="test_Title_Validation[Iteration # 13 : act: YouTube;  exp: www.you]error">companyname.SeleniumTest:45</div></td></tr>
<tr class="a">
<td><img src="images/icon_error_sml.gif" alt="" /></td>
<td><a name="companyname.SeleniumTest.test_Title_ValidationIteration__15_:_act:_alegro.net-This_website_is_for_sale-alegro_Resources_and_Information.__exp:_www.alegro.net"></a>test_Title_Validation[Iteration # 15 : act: alegro.net&#xa0;-&#xa0;This website is for sale!&#xa0;-&#xa0;alegro Resources and Information.;  exp: www.alegro.net]</td></tr>
<tr class="b">
<td></td>
<td>org.junit.ComparisonFailure: FAILED expected:&lt;[www.alegro.net]&gt; but was:&lt;[alegro.net&#xa0;-&#xa0;This website is for sale!&#xa0;-&#xa0;alegro Resources and Information.]&gt;</td></tr>
<tr class="a">
<td></td>
<td>
<div id="test_Title_Validation[Iteration # 15 : act: alegro.net&#xa0;-&#xa0;This website is for sale!&#xa0;-&#xa0;alegro Resources and Information.;  exp: www.alegro.net]error">companyname.SeleniumTest:45</div></td></tr>
<tr class="b">
<td><img src="images/icon_error_sml.gif" alt="" /></td>
<td><a name="companyname.SeleniumTest.test_Title_ValidationIteration__17_:_act:_Sign_In__exp:_live.com"></a>test_Title_Validation[Iteration # 17 : act: Sign In;  exp: live.com]</td></tr>
<tr class="a">
<td></td>
<td>org.junit.ComparisonFailure: FAILED expected:&lt;[live.com]&gt; but was:&lt;[Sign In]&gt;</td></tr>
<tr class="b">
<td></td>
<td>
<div id="test_Title_Validation[Iteration # 17 : act: Sign In;  exp: live.com]error">companyname.SeleniumTest:45</div></td></tr>
<tr class="a">
<td><img src="images/icon_error_sml.gif" alt="" /></td>
<td><a name="companyname.SeleniumTest.test_Title_ValidationIteration__19_:_act:_Twitter__exp:_www.twitter.com"></a>test_Title_Validation[Iteration # 19 : act: Twitter;  exp: www.twitter.com]</td></tr>
<tr class="b">
<td></td>
<td>org.junit.ComparisonFailure: FAILED expected:&lt;[www.twitter.com]&gt; but was:&lt;[Twitter]&gt;</td></tr>
<tr class="a">
<td></td>
<td>
<div id="test_Title_Validation[Iteration # 19 : act: Twitter;  exp: www.twitter.com]error">companyname.SeleniumTest:45</div></td></tr>
<tr class="b">
<td><img src="images/icon_error_sml.gif" alt="" /></td>
<td><a name="companyname.SeleniumTest.test_Title_ValidationIteration__20_:_act:_Twitter__exp:_twtwtwtwt"></a>test_Title_Validation[Iteration # 20 : act: Twitter;  exp: twtwtwtwt]</td></tr>
<tr class="a">
<td></td>
<td>org.junit.ComparisonFailure: FAILED expected:&lt;[twtwtwtwt]&gt; but was:&lt;[Twitter]&gt;</td></tr>
<tr class="b">
<td></td>
<td>
<div id="test_Title_Validation[Iteration # 20 : act: Twitter;  exp: twtwtwtwt]error">companyname.SeleniumTest:45</div></td></tr>
<tr class="a">
<td><img src="images/icon_error_sml.gif" alt="" /></td>
<td><a name="companyname.SeleniumTest.test_Title_ValidationIteration__21_:_act:_uTest_-_The_Professional_Network_for_Testers__exp:_www.utest.com"></a>test_Title_Validation[Iteration # 21 : act: uTest - The Professional Network for Testers;  exp: www.utest.com]</td></tr>
<tr class="b">
<td></td>
<td>org.junit.ComparisonFailure: FAILED expected:&lt;[www.utest.com]&gt; but was:&lt;[uTest - The Professional Network for Testers]&gt;</td></tr>
<tr class="a">
<td></td>
<td>
<div id="test_Title_Validation[Iteration # 21 : act: uTest - The Professional Network for Testers;  exp: www.utest.com]error">companyname.SeleniumTest:45</div></td></tr>
<tr class="b">
<td><img src="images/icon_error_sml.gif" alt="" /></td>
<td><a name="companyname.SeleniumTest.test_Title_ValidationIteration__24_:_act:_Wikipedia__exp:_wwww"></a>test_Title_Validation[Iteration # 24 : act: Wikipedia;  exp: wwww]</td></tr>
<tr class="a">
<td></td>
<td>org.junit.ComparisonFailure: FAILED expected:&lt;[wwww]&gt; but was:&lt;[Wikipedia]&gt;</td></tr>
<tr class="b">
<td></td>
<td>
<div id="test_Title_Validation[Iteration # 24 : act: Wikipedia;  exp: wwww]error">companyname.SeleniumTest:45</div></td></tr></table><br /></div>
      </div>
    </div>
    <div class="clear">
      <hr/>
    </div>
    <div id="footer">
      <div class="xright">
              Copyright &#169;                   2016.
          All Rights Reserved.      
                    
                  </div>
      <div class="clear">
        <hr/>
      </div>
    </div>
  </body>
</html>
